{"/home/alien/Documents/oH/JS/cards-for-humanity/gruntfile.js":{"path":"/home/alien/Documents/oH/JS/cards-for-humanity/gruntfile.js","statementMap":{"0":{"start":{"line":1,"column":0},"end":{"line":112,"column":1}},"1":{"start":{"line":3,"column":2},"end":{"line":90,"column":4}},"2":{"start":{"line":93,"column":2},"end":{"line":93,"column":43}},"3":{"start":{"line":94,"column":2},"end":{"line":94,"column":44}},"4":{"start":{"line":95,"column":2},"end":{"line":95,"column":40}},"5":{"start":{"line":96,"column":2},"end":{"line":96,"column":37}},"6":{"start":{"line":97,"column":2},"end":{"line":97,"column":40}},"7":{"start":{"line":98,"column":2},"end":{"line":98,"column":42}},"8":{"start":{"line":99,"column":2},"end":{"line":99,"column":40}},"9":{"start":{"line":102,"column":2},"end":{"line":102,"column":29}},"10":{"start":{"line":105,"column":2},"end":{"line":105,"column":55}},"11":{"start":{"line":108,"column":2},"end":{"line":108,"column":43}},"12":{"start":{"line":111,"column":2},"end":{"line":111,"column":42}}},"fnMap":{"0":{"name":"(anonymous_0)","decl":{"start":{"line":1,"column":17},"end":{"line":1,"column":18}},"loc":{"start":{"line":1,"column":34},"end":{"line":112,"column":1}},"line":1}},"branchMap":{},"s":{"0":1,"1":1,"2":1,"3":1,"4":1,"5":1,"6":1,"7":1,"8":1,"9":1,"10":1,"11":1,"12":1},"f":{"0":1},"b":{},"_coverageSchema":"43e27e138ebf9cfc5966b082cf9a028302ed4184","hash":"fd75bde77a71bd57ca718afa664f66d54e5ec837","contentHash":"db1884739f7a2d34a5ede9252ec98f221d426c2762b3f1374a77c64f83ad025e"},"/home/alien/Documents/oH/JS/cards-for-humanity/test/user/model.js":{"path":"/home/alien/Documents/oH/JS/cards-for-humanity/test/user/model.js","statementMap":{"0":{"start":{"line":4,"column":13},"end":{"line":4,"column":30}},"1":{"start":{"line":6,"column":10},"end":{"line":6,"column":33}},"2":{"start":{"line":8,"column":15},"end":{"line":8,"column":34}},"3":{"start":{"line":10,"column":11},"end":{"line":10,"column":33}},"4":{"start":{"line":16,"column":0},"end":{"line":102,"column":2}},"5":{"start":{"line":17,"column":2},"end":{"line":101,"column":4}},"6":{"start":{"line":18,"column":4},"end":{"line":26,"column":6}},"7":{"start":{"line":19,"column":6},"end":{"line":23,"column":8}},"8":{"start":{"line":25,"column":6},"end":{"line":25,"column":12}},"9":{"start":{"line":28,"column":4},"end":{"line":52,"column":6}},"10":{"start":{"line":29,"column":6},"end":{"line":36,"column":8}},"11":{"start":{"line":30,"column":8},"end":{"line":35,"column":10}},"12":{"start":{"line":31,"column":10},"end":{"line":31,"column":50}},"13":{"start":{"line":32,"column":10},"end":{"line":32,"column":31}},"14":{"start":{"line":33,"column":10},"end":{"line":33,"column":26}},"15":{"start":{"line":34,"column":10},"end":{"line":34,"column":16}},"16":{"start":{"line":38,"column":6},"end":{"line":44,"column":8}},"17":{"start":{"line":39,"column":8},"end":{"line":43,"column":10}},"18":{"start":{"line":40,"column":10},"end":{"line":40,"column":31}},"19":{"start":{"line":41,"column":10},"end":{"line":41,"column":27}},"20":{"start":{"line":42,"column":10},"end":{"line":42,"column":16}},"21":{"start":{"line":45,"column":6},"end":{"line":51,"column":8}},"22":{"start":{"line":46,"column":8},"end":{"line":46,"column":26}},"23":{"start":{"line":47,"column":8},"end":{"line":50,"column":10}},"24":{"start":{"line":48,"column":10},"end":{"line":48,"column":27}},"25":{"start":{"line":49,"column":10},"end":{"line":49,"column":16}},"26":{"start":{"line":53,"column":4},"end":{"line":60,"column":6}},"27":{"start":{"line":54,"column":6},"end":{"line":59,"column":8}},"28":{"start":{"line":55,"column":8},"end":{"line":58,"column":10}},"29":{"start":{"line":56,"column":10},"end":{"line":56,"column":61}},"30":{"start":{"line":57,"column":10},"end":{"line":57,"column":31}},"31":{"start":{"line":62,"column":4},"end":{"line":88,"column":6}},"32":{"start":{"line":63,"column":6},"end":{"line":75,"column":8}},"33":{"start":{"line":64,"column":24},"end":{"line":68,"column":10}},"34":{"start":{"line":69,"column":8},"end":{"line":73,"column":10}},"35":{"start":{"line":70,"column":10},"end":{"line":72,"column":11}},"36":{"start":{"line":71,"column":12},"end":{"line":71,"column":30}},"37":{"start":{"line":74,"column":8},"end":{"line":74,"column":14}},"38":{"start":{"line":76,"column":6},"end":{"line":81,"column":8}},"39":{"start":{"line":77,"column":8},"end":{"line":80,"column":10}},"40":{"start":{"line":78,"column":10},"end":{"line":78,"column":31}},"41":{"start":{"line":79,"column":10},"end":{"line":79,"column":76}},"42":{"start":{"line":82,"column":6},"end":{"line":87,"column":8}},"43":{"start":{"line":83,"column":8},"end":{"line":86,"column":10}},"44":{"start":{"line":84,"column":10},"end":{"line":84,"column":31}},"45":{"start":{"line":85,"column":10},"end":{"line":85,"column":79}},"46":{"start":{"line":90,"column":4},"end":{"line":97,"column":6}},"47":{"start":{"line":91,"column":6},"end":{"line":96,"column":8}},"48":{"start":{"line":92,"column":8},"end":{"line":95,"column":10}},"49":{"start":{"line":93,"column":10},"end":{"line":93,"column":31}},"50":{"start":{"line":94,"column":10},"end":{"line":94,"column":79}},"51":{"start":{"line":98,"column":4},"end":{"line":100,"column":6}},"52":{"start":{"line":99,"column":6},"end":{"line":99,"column":12}}},"fnMap":{"0":{"name":"(anonymous_0)","decl":{"start":{"line":16,"column":24},"end":{"line":16,"column":25}},"loc":{"start":{"line":16,"column":36},"end":{"line":102,"column":1}},"line":16},"1":{"name":"(anonymous_1)","decl":{"start":{"line":17,"column":31},"end":{"line":17,"column":32}},"loc":{"start":{"line":17,"column":43},"end":{"line":101,"column":3}},"line":17},"2":{"name":"(anonymous_2)","decl":{"start":{"line":18,"column":11},"end":{"line":18,"column":12}},"loc":{"start":{"line":18,"column":27},"end":{"line":26,"column":5}},"line":18},"3":{"name":"(anonymous_3)","decl":{"start":{"line":28,"column":33},"end":{"line":28,"column":34}},"loc":{"start":{"line":28,"column":45},"end":{"line":52,"column":5}},"line":28},"4":{"name":"(anonymous_4)","decl":{"start":{"line":29,"column":50},"end":{"line":29,"column":51}},"loc":{"start":{"line":29,"column":60},"end":{"line":36,"column":7}},"line":29},"5":{"name":"(anonymous_5)","decl":{"start":{"line":30,"column":25},"end":{"line":30,"column":26}},"loc":{"start":{"line":30,"column":45},"end":{"line":35,"column":9}},"line":30},"6":{"name":"(anonymous_6)","decl":{"start":{"line":38,"column":49},"end":{"line":38,"column":50}},"loc":{"start":{"line":38,"column":59},"end":{"line":44,"column":7}},"line":38},"7":{"name":"(anonymous_7)","decl":{"start":{"line":39,"column":25},"end":{"line":39,"column":26}},"loc":{"start":{"line":39,"column":40},"end":{"line":43,"column":9}},"line":39},"8":{"name":"(anonymous_8)","decl":{"start":{"line":45,"column":67},"end":{"line":45,"column":68}},"loc":{"start":{"line":45,"column":83},"end":{"line":51,"column":7}},"line":45},"9":{"name":"(anonymous_9)","decl":{"start":{"line":47,"column":25},"end":{"line":47,"column":26}},"loc":{"start":{"line":47,"column":40},"end":{"line":50,"column":9}},"line":47},"10":{"name":"(anonymous_10)","decl":{"start":{"line":53,"column":31},"end":{"line":53,"column":32}},"loc":{"start":{"line":53,"column":37},"end":{"line":60,"column":5}},"line":53},"11":{"name":"(anonymous_11)","decl":{"start":{"line":54,"column":37},"end":{"line":54,"column":38}},"loc":{"start":{"line":54,"column":43},"end":{"line":59,"column":7}},"line":54},"12":{"name":"(anonymous_12)","decl":{"start":{"line":55,"column":25},"end":{"line":55,"column":26}},"loc":{"start":{"line":55,"column":39},"end":{"line":58,"column":9}},"line":55},"13":{"name":"(anonymous_13)","decl":{"start":{"line":62,"column":33},"end":{"line":62,"column":34}},"loc":{"start":{"line":62,"column":39},"end":{"line":88,"column":5}},"line":62},"14":{"name":"(anonymous_14)","decl":{"start":{"line":63,"column":13},"end":{"line":63,"column":14}},"loc":{"start":{"line":63,"column":23},"end":{"line":75,"column":7}},"line":63},"15":{"name":"(anonymous_15)","decl":{"start":{"line":69,"column":23},"end":{"line":69,"column":24}},"loc":{"start":{"line":69,"column":37},"end":{"line":73,"column":9}},"line":69},"16":{"name":"(anonymous_16)","decl":{"start":{"line":76,"column":50},"end":{"line":76,"column":51}},"loc":{"start":{"line":76,"column":56},"end":{"line":81,"column":7}},"line":76},"17":{"name":"(anonymous_17)","decl":{"start":{"line":77,"column":67},"end":{"line":77,"column":68}},"loc":{"start":{"line":77,"column":81},"end":{"line":80,"column":9}},"line":77},"18":{"name":"(anonymous_18)","decl":{"start":{"line":82,"column":51},"end":{"line":82,"column":52}},"loc":{"start":{"line":82,"column":57},"end":{"line":87,"column":7}},"line":82},"19":{"name":"(anonymous_19)","decl":{"start":{"line":83,"column":76},"end":{"line":83,"column":77}},"loc":{"start":{"line":83,"column":90},"end":{"line":86,"column":9}},"line":83},"20":{"name":"(anonymous_20)","decl":{"start":{"line":90,"column":33},"end":{"line":90,"column":34}},"loc":{"start":{"line":90,"column":39},"end":{"line":97,"column":5}},"line":90},"21":{"name":"(anonymous_21)","decl":{"start":{"line":91,"column":53},"end":{"line":91,"column":54}},"loc":{"start":{"line":91,"column":59},"end":{"line":96,"column":7}},"line":91},"22":{"name":"(anonymous_22)","decl":{"start":{"line":92,"column":35},"end":{"line":92,"column":36}},"loc":{"start":{"line":92,"column":49},"end":{"line":95,"column":9}},"line":92},"23":{"name":"(anonymous_23)","decl":{"start":{"line":98,"column":10},"end":{"line":98,"column":11}},"loc":{"start":{"line":98,"column":26},"end":{"line":100,"column":5}},"line":98}},"branchMap":{"0":{"loc":{"start":{"line":70,"column":10},"end":{"line":72,"column":11}},"type":"if","locations":[{"start":{"line":70,"column":10},"end":{"line":72,"column":11}},{"start":{"line":70,"column":10},"end":{"line":72,"column":11}}],"line":70}},"s":{"0":1,"1":1,"2":1,"3":1,"4":1,"5":1,"6":1,"7":1,"8":1,"9":1,"10":1,"11":1,"12":1,"13":1,"14":1,"15":1,"16":1,"17":1,"18":1,"19":1,"20":1,"21":1,"22":1,"23":1,"24":1,"25":1,"26":1,"27":1,"28":1,"29":1,"30":1,"31":1,"32":1,"33":1,"34":1,"35":1,"36":0,"37":1,"38":1,"39":1,"40":1,"41":1,"42":1,"43":1,"44":1,"45":1,"46":1,"47":1,"48":1,"49":1,"50":1,"51":1,"52":1},"f":{"0":1,"1":1,"2":1,"3":1,"4":1,"5":1,"6":1,"7":1,"8":1,"9":1,"10":1,"11":1,"12":1,"13":1,"14":1,"15":1,"16":1,"17":1,"18":1,"19":1,"20":1,"21":1,"22":1,"23":1},"b":{"0":[0,1]},"_coverageSchema":"43e27e138ebf9cfc5966b082cf9a028302ed4184","hash":"bb1f59b069771b40ed093008afcc0a68e20a3faf","contentHash":"ac16c91039778dc9282094b3e842ad47a587bcf9979c3ba6b5564d0d4e2f853a"},"/home/alien/Documents/oH/JS/cards-for-humanity/server.js":{"path":"/home/alien/Documents/oH/JS/cards-for-humanity/server.js","statementMap":{"0":{"start":{"line":4,"column":14},"end":{"line":4,"column":32}},"1":{"start":{"line":6,"column":9},"end":{"line":6,"column":22}},"2":{"start":{"line":7,"column":15},"end":{"line":7,"column":32}},"3":{"start":{"line":9,"column":15},"end":{"line":9,"column":34}},"4":{"start":{"line":11,"column":9},"end":{"line":11,"column":29}},"5":{"start":{"line":20,"column":10},"end":{"line":20,"column":70}},"6":{"start":{"line":21,"column":13},"end":{"line":21,"column":28}},"7":{"start":{"line":22,"column":13},"end":{"line":22,"column":39}},"8":{"start":{"line":24,"column":11},"end":{"line":24,"column":56}},"9":{"start":{"line":26,"column":15},"end":{"line":26,"column":34}},"10":{"start":{"line":31,"column":19},"end":{"line":31,"column":45}},"11":{"start":{"line":33,"column":0},"end":{"line":41,"column":1}},"12":{"start":{"line":35,"column":4},"end":{"line":39,"column":6}},"13":{"start":{"line":36,"column":6},"end":{"line":38,"column":7}},"14":{"start":{"line":37,"column":8},"end":{"line":37,"column":53}},"15":{"start":{"line":44,"column":17},"end":{"line":44,"column":52}},"16":{"start":{"line":45,"column":11},"end":{"line":57,"column":1}},"17":{"start":{"line":46,"column":2},"end":{"line":56,"column":4}},"18":{"start":{"line":47,"column":18},"end":{"line":47,"column":35}},"19":{"start":{"line":48,"column":15},"end":{"line":48,"column":35}},"20":{"start":{"line":49,"column":4},"end":{"line":55,"column":5}},"21":{"start":{"line":50,"column":6},"end":{"line":52,"column":7}},"22":{"start":{"line":51,"column":8},"end":{"line":51,"column":24}},"23":{"start":{"line":53,"column":11},"end":{"line":55,"column":5}},"24":{"start":{"line":54,"column":6},"end":{"line":54,"column":19}},"25":{"start":{"line":58,"column":0},"end":{"line":58,"column":16}},"26":{"start":{"line":61,"column":0},"end":{"line":61,"column":38}},"27":{"start":{"line":63,"column":10},"end":{"line":63,"column":19}},"28":{"start":{"line":68,"column":19},"end":{"line":68,"column":41}},"29":{"start":{"line":69,"column":0},"end":{"line":69,"column":21}},"30":{"start":{"line":70,"column":0},"end":{"line":70,"column":22}},"31":{"start":{"line":71,"column":0},"end":{"line":71,"column":47}},"32":{"start":{"line":72,"column":0},"end":{"line":72,"column":52}},"33":{"start":{"line":74,"column":11},"end":{"line":74,"column":22}},"34":{"start":{"line":75,"column":13},"end":{"line":75,"column":29}},"35":{"start":{"line":76,"column":12},"end":{"line":76,"column":45}},"36":{"start":{"line":78,"column":0},"end":{"line":78,"column":40}},"37":{"start":{"line":79,"column":0},"end":{"line":79,"column":50}},"38":{"start":{"line":84,"column":0},"end":{"line":84,"column":30}}},"fnMap":{"0":{"name":"(anonymous_0)","decl":{"start":{"line":34,"column":2},"end":{"line":34,"column":3}},"loc":{"start":{"line":34,"column":8},"end":{"line":40,"column":3}},"line":34},"1":{"name":"(anonymous_1)","decl":{"start":{"line":35,"column":83},"end":{"line":35,"column":84}},"loc":{"start":{"line":35,"column":92},"end":{"line":39,"column":5}},"line":35},"2":{"name":"(anonymous_2)","decl":{"start":{"line":45,"column":11},"end":{"line":45,"column":12}},"loc":{"start":{"line":45,"column":27},"end":{"line":57,"column":1}},"line":45},"3":{"name":"(anonymous_3)","decl":{"start":{"line":46,"column":31},"end":{"line":46,"column":32}},"loc":{"start":{"line":46,"column":47},"end":{"line":56,"column":3}},"line":46}},"branchMap":{"0":{"loc":{"start":{"line":20,"column":33},"end":{"line":20,"column":70}},"type":"binary-expr","locations":[{"start":{"line":20,"column":33},"end":{"line":20,"column":53}},{"start":{"line":20,"column":57},"end":{"line":20,"column":70}}],"line":20},"1":{"loc":{"start":{"line":36,"column":6},"end":{"line":38,"column":7}},"type":"if","locations":[{"start":{"line":36,"column":6},"end":{"line":38,"column":7}},{"start":{"line":36,"column":6},"end":{"line":38,"column":7}}],"line":36},"2":{"loc":{"start":{"line":49,"column":4},"end":{"line":55,"column":5}},"type":"if","locations":[{"start":{"line":49,"column":4},"end":{"line":55,"column":5}},{"start":{"line":49,"column":4},"end":{"line":55,"column":5}}],"line":49},"3":{"loc":{"start":{"line":50,"column":6},"end":{"line":52,"column":7}},"type":"if","locations":[{"start":{"line":50,"column":6},"end":{"line":52,"column":7}},{"start":{"line":50,"column":6},"end":{"line":52,"column":7}}],"line":50},"4":{"loc":{"start":{"line":53,"column":11},"end":{"line":55,"column":5}},"type":"if","locations":[{"start":{"line":53,"column":11},"end":{"line":55,"column":5}},{"start":{"line":53,"column":11},"end":{"line":55,"column":5}}],"line":53}},"s":{"0":1,"1":1,"2":1,"3":1,"4":1,"5":1,"6":1,"7":1,"8":1,"9":1,"10":1,"11":1,"12":1,"13":1,"14":0,"15":1,"16":1,"17":1,"18":3,"19":3,"20":3,"21":3,"22":3,"23":0,"24":0,"25":1,"26":1,"27":1,"28":1,"29":1,"30":1,"31":1,"32":1,"33":1,"34":1,"35":1,"36":1,"37":1,"38":1},"f":{"0":1,"1":1,"2":1,"3":3},"b":{"0":[1,1],"1":[0,1],"2":[3,0],"3":[3,0],"4":[0,0]},"_coverageSchema":"43e27e138ebf9cfc5966b082cf9a028302ed4184","hash":"a8c7e502606f64e3343bef01b61e7bf6f3c381a6","contentHash":"5a2d118cf102213b5bf6f660868f050ab011e648b1783cfeed86d5303f2e3a5a"},"/home/alien/Documents/oH/JS/cards-for-humanity/config/config.js":{"path":"/home/alien/Documents/oH/JS/cards-for-humanity/config/config.js","statementMap":{"0":{"start":{"line":1,"column":8},"end":{"line":1,"column":29}},"1":{"start":{"line":5,"column":0},"end":{"line":7,"column":80}}},"fnMap":{},"branchMap":{"0":{"loc":{"start":{"line":7,"column":2},"end":{"line":7,"column":79}},"type":"binary-expr","locations":[{"start":{"line":7,"column":2},"end":{"line":7,"column":73}},{"start":{"line":7,"column":77},"end":{"line":7,"column":79}}],"line":7}},"s":{"0":1,"1":1},"f":{},"b":{"0":[1,0]},"_coverageSchema":"43e27e138ebf9cfc5966b082cf9a028302ed4184","hash":"2f0ae75d0480ec48fe3881806788c33e8f5443ed","contentHash":"7a0ccbc5a1ce8f5994148d0f0e737ef3cae2b55289cc12afa57ea88a6c199462"},"/home/alien/Documents/oH/JS/cards-for-humanity/config/env/all.js":{"path":"/home/alien/Documents/oH/JS/cards-for-humanity/config/env/all.js","statementMap":{"0":{"start":{"line":1,"column":11},"end":{"line":1,"column":26}},"1":{"start":{"line":3,"column":15},"end":{"line":3,"column":51}},"2":{"start":{"line":4,"column":11},"end":{"line":4,"column":33}},"3":{"start":{"line":7,"column":0},"end":{"line":11,"column":1}}},"fnMap":{},"branchMap":{"0":{"loc":{"start":{"line":9,"column":8},"end":{"line":9,"column":32}},"type":"binary-expr","locations":[{"start":{"line":9,"column":8},"end":{"line":9,"column":24}},{"start":{"line":9,"column":28},"end":{"line":9,"column":32}}],"line":9}},"s":{"0":1,"1":1,"2":1,"3":1},"f":{},"b":{"0":[1,1]},"_coverageSchema":"43e27e138ebf9cfc5966b082cf9a028302ed4184","hash":"00e277f8c1bd92059920423da458efabf0721518","contentHash":"132519cb8cb38bc953dda3edb2a85dcf2be941be2a56d66ddf55509d7bdbff6e"},"/home/alien/Documents/oH/JS/cards-for-humanity/config/middlewares/authorization.js":{"path":"/home/alien/Documents/oH/JS/cards-for-humanity/config/middlewares/authorization.js","statementMap":{"0":{"start":{"line":4,"column":0},"end":{"line":9,"column":1}},"1":{"start":{"line":5,"column":2},"end":{"line":7,"column":3}},"2":{"start":{"line":6,"column":4},"end":{"line":6,"column":50}},"3":{"start":{"line":8,"column":2},"end":{"line":8,"column":8}},"4":{"start":{"line":14,"column":0},"end":{"line":21,"column":1}},"5":{"start":{"line":16,"column":4},"end":{"line":18,"column":5}},"6":{"start":{"line":17,"column":6},"end":{"line":17,"column":52}},"7":{"start":{"line":19,"column":4},"end":{"line":19,"column":10}}},"fnMap":{"0":{"name":"(anonymous_0)","decl":{"start":{"line":4,"column":24},"end":{"line":4,"column":25}},"loc":{"start":{"line":4,"column":50},"end":{"line":9,"column":1}},"line":4},"1":{"name":"(anonymous_1)","decl":{"start":{"line":15,"column":20},"end":{"line":15,"column":21}},"loc":{"start":{"line":15,"column":46},"end":{"line":20,"column":3}},"line":15}},"branchMap":{"0":{"loc":{"start":{"line":5,"column":2},"end":{"line":7,"column":3}},"type":"if","locations":[{"start":{"line":5,"column":2},"end":{"line":7,"column":3}},{"start":{"line":5,"column":2},"end":{"line":7,"column":3}}],"line":5},"1":{"loc":{"start":{"line":16,"column":4},"end":{"line":18,"column":5}},"type":"if","locations":[{"start":{"line":16,"column":4},"end":{"line":18,"column":5}},{"start":{"line":16,"column":4},"end":{"line":18,"column":5}}],"line":16}},"s":{"0":1,"1":0,"2":0,"3":0,"4":1,"5":0,"6":0,"7":0},"f":{"0":0,"1":0},"b":{"0":[0,0],"1":[0,0]},"_coverageSchema":"43e27e138ebf9cfc5966b082cf9a028302ed4184","hash":"da705e0586c001c106ceb38063ad3344e1cd6924","contentHash":"dcf941e8cb061c32f009c9d1d4725b8fa6847dc2736f9e2eb3100dc88d22b2b2"},"/home/alien/Documents/oH/JS/cards-for-humanity/config/testDb.js":{"path":"/home/alien/Documents/oH/JS/cards-for-humanity/config/testDb.js","statementMap":{"0":{"start":{"line":1,"column":19},"end":{"line":1,"column":69}},"1":{"start":{"line":2,"column":15},"end":{"line":2,"column":31}},"2":{"start":{"line":4,"column":14},"end":{"line":4,"column":48}},"3":{"start":{"line":5,"column":15},"end":{"line":5,"column":37}},"4":{"start":{"line":6,"column":17},"end":{"line":6,"column":41}},"5":{"start":{"line":7,"column":15},"end":{"line":7,"column":39}},"6":{"start":{"line":8,"column":2},"end":{"line":13,"column":3}},"7":{"start":{"line":15,"column":0},"end":{"line":15,"column":23}}},"fnMap":{"0":{"name":"spinDb","decl":{"start":{"line":3,"column":15},"end":{"line":3,"column":21}},"loc":{"start":{"line":3,"column":25},"end":{"line":14,"column":1}},"line":3}},"branchMap":{},"s":{"0":1,"1":1,"2":1,"3":1,"4":1,"5":1,"6":1,"7":1},"f":{"0":1},"b":{},"_coverageSchema":"43e27e138ebf9cfc5966b082cf9a028302ed4184","hash":"bd674ace52d341e2e83543ea92785dcd1b31bb98","contentHash":"34426aa02ca06407c00f21b3b973ac396d83e9ae93168c61ef92819fa956ee3e"},"/home/alien/Documents/oH/JS/cards-for-humanity/app/models/answer.js":{"path":"/home/alien/Documents/oH/JS/cards-for-humanity/app/models/answer.js","statementMap":{"0":{"start":{"line":4,"column":15},"end":{"line":4,"column":34}},"1":{"start":{"line":6,"column":13},"end":{"line":6,"column":43}},"2":{"start":{"line":8,"column":13},"end":{"line":8,"column":28}},"3":{"start":{"line":13,"column":19},"end":{"line":30,"column":2}},"4":{"start":{"line":35,"column":0},"end":{"line":41,"column":1}},"5":{"start":{"line":37,"column":4},"end":{"line":39,"column":30}},"6":{"start":{"line":43,"column":0},"end":{"line":43,"column":38}}},"fnMap":{"0":{"name":"(anonymous_0)","decl":{"start":{"line":36,"column":8},"end":{"line":36,"column":9}},"loc":{"start":{"line":36,"column":26},"end":{"line":40,"column":3}},"line":36}},"branchMap":{},"s":{"0":1,"1":1,"2":1,"3":1,"4":1,"5":0,"6":1},"f":{"0":0},"b":{},"_coverageSchema":"43e27e138ebf9cfc5966b082cf9a028302ed4184","hash":"95ddc8319df7a688ea7a16c0251b1feda3dd30e6","contentHash":"a5aeb459a898d54961378e0e07108a06505aa9c07dc7a54580dce0e5560a6d6b"},"/home/alien/Documents/oH/JS/cards-for-humanity/app/models/question.js":{"path":"/home/alien/Documents/oH/JS/cards-for-humanity/app/models/question.js","statementMap":{"0":{"start":{"line":4,"column":15},"end":{"line":4,"column":34}},"1":{"start":{"line":6,"column":13},"end":{"line":6,"column":43}},"2":{"start":{"line":8,"column":13},"end":{"line":8,"column":28}},"3":{"start":{"line":13,"column":21},"end":{"line":33,"column":2}},"4":{"start":{"line":38,"column":0},"end":{"line":44,"column":1}},"5":{"start":{"line":40,"column":4},"end":{"line":42,"column":30}},"6":{"start":{"line":46,"column":0},"end":{"line":46,"column":42}}},"fnMap":{"0":{"name":"(anonymous_0)","decl":{"start":{"line":39,"column":8},"end":{"line":39,"column":9}},"loc":{"start":{"line":39,"column":26},"end":{"line":43,"column":3}},"line":39}},"branchMap":{},"s":{"0":1,"1":1,"2":1,"3":1,"4":1,"5":0,"6":1},"f":{"0":0},"b":{},"_coverageSchema":"43e27e138ebf9cfc5966b082cf9a028302ed4184","hash":"ef76b52245acedd825cb4be3538de93f77bdadb8","contentHash":"3bea664eef319a84119e425fd2c5874cb0e8c84eaf4f9ce9488b713e5c5b5875"},"/home/alien/Documents/oH/JS/cards-for-humanity/app/models/user.js":{"path":"/home/alien/Documents/oH/JS/cards-for-humanity/app/models/user.js","statementMap":{"0":{"start":{"line":4,"column":15},"end":{"line":4,"column":34}},"1":{"start":{"line":6,"column":13},"end":{"line":6,"column":28}},"2":{"start":{"line":8,"column":13},"end":{"line":8,"column":32}},"3":{"start":{"line":10,"column":8},"end":{"line":10,"column":29}},"4":{"start":{"line":12,"column":16},"end":{"line":12,"column":59}},"5":{"start":{"line":17,"column":17},"end":{"line":33,"column":2}},"6":{"start":{"line":38,"column":0},"end":{"line":43,"column":2}},"7":{"start":{"line":39,"column":2},"end":{"line":39,"column":27}},"8":{"start":{"line":40,"column":2},"end":{"line":40,"column":55}},"9":{"start":{"line":42,"column":2},"end":{"line":42,"column":23}},"10":{"start":{"line":48,"column":25},"end":{"line":50,"column":1}},"11":{"start":{"line":49,"column":2},"end":{"line":49,"column":30}},"12":{"start":{"line":53,"column":0},"end":{"line":57,"column":26}},"13":{"start":{"line":55,"column":2},"end":{"line":55,"column":58}},"14":{"start":{"line":55,"column":47},"end":{"line":55,"column":58}},"15":{"start":{"line":56,"column":2},"end":{"line":56,"column":20}},"16":{"start":{"line":59,"column":0},"end":{"line":63,"column":27}},"17":{"start":{"line":61,"column":2},"end":{"line":61,"column":58}},"18":{"start":{"line":61,"column":47},"end":{"line":61,"column":58}},"19":{"start":{"line":62,"column":2},"end":{"line":62,"column":21}},"20":{"start":{"line":65,"column":0},"end":{"line":69,"column":30}},"21":{"start":{"line":67,"column":2},"end":{"line":67,"column":58}},"22":{"start":{"line":67,"column":47},"end":{"line":67,"column":58}},"23":{"start":{"line":68,"column":2},"end":{"line":68,"column":24}},"24":{"start":{"line":71,"column":0},"end":{"line":75,"column":30}},"25":{"start":{"line":73,"column":2},"end":{"line":73,"column":58}},"26":{"start":{"line":73,"column":47},"end":{"line":73,"column":58}},"27":{"start":{"line":74,"column":2},"end":{"line":74,"column":30}},"28":{"start":{"line":80,"column":0},"end":{"line":86,"column":2}},"29":{"start":{"line":81,"column":2},"end":{"line":83,"column":3}},"30":{"start":{"line":82,"column":4},"end":{"line":82,"column":17}},"31":{"start":{"line":85,"column":2},"end":{"line":85,"column":140}},"32":{"start":{"line":85,"column":87},"end":{"line":85,"column":122}},"33":{"start":{"line":85,"column":132},"end":{"line":85,"column":138}},"34":{"start":{"line":91,"column":0},"end":{"line":117,"column":1}},"35":{"start":{"line":100,"column":4},"end":{"line":102,"column":5}},"36":{"start":{"line":101,"column":6},"end":{"line":101,"column":18}},"37":{"start":{"line":103,"column":4},"end":{"line":103,"column":62}},"38":{"start":{"line":114,"column":4},"end":{"line":114,"column":28}},"39":{"start":{"line":114,"column":19},"end":{"line":114,"column":28}},"40":{"start":{"line":115,"column":4},"end":{"line":115,"column":60}},"41":{"start":{"line":119,"column":0},"end":{"line":119,"column":34}}},"fnMap":{"0":{"name":"(anonymous_0)","decl":{"start":{"line":38,"column":35},"end":{"line":38,"column":36}},"loc":{"start":{"line":38,"column":55},"end":{"line":41,"column":1}},"line":38},"1":{"name":"(anonymous_1)","decl":{"start":{"line":41,"column":7},"end":{"line":41,"column":8}},"loc":{"start":{"line":41,"column":19},"end":{"line":43,"column":1}},"line":41},"2":{"name":"(anonymous_2)","decl":{"start":{"line":48,"column":25},"end":{"line":48,"column":26}},"loc":{"start":{"line":48,"column":42},"end":{"line":50,"column":1}},"line":48},"3":{"name":"(anonymous_3)","decl":{"start":{"line":53,"column":33},"end":{"line":53,"column":34}},"loc":{"start":{"line":53,"column":49},"end":{"line":57,"column":1}},"line":53},"4":{"name":"(anonymous_4)","decl":{"start":{"line":59,"column":34},"end":{"line":59,"column":35}},"loc":{"start":{"line":59,"column":51},"end":{"line":63,"column":1}},"line":59},"5":{"name":"(anonymous_5)","decl":{"start":{"line":65,"column":37},"end":{"line":65,"column":38}},"loc":{"start":{"line":65,"column":57},"end":{"line":69,"column":1}},"line":65},"6":{"name":"(anonymous_6)","decl":{"start":{"line":71,"column":44},"end":{"line":71,"column":45}},"loc":{"start":{"line":71,"column":70},"end":{"line":75,"column":1}},"line":71},"7":{"name":"(anonymous_7)","decl":{"start":{"line":80,"column":23},"end":{"line":80,"column":24}},"loc":{"start":{"line":80,"column":39},"end":{"line":86,"column":1}},"line":80},"8":{"name":"(anonymous_8)","decl":{"start":{"line":99,"column":16},"end":{"line":99,"column":17}},"loc":{"start":{"line":99,"column":37},"end":{"line":104,"column":3}},"line":99},"9":{"name":"(anonymous_9)","decl":{"start":{"line":113,"column":19},"end":{"line":113,"column":20}},"loc":{"start":{"line":113,"column":39},"end":{"line":116,"column":3}},"line":113}},"branchMap":{"0":{"loc":{"start":{"line":49,"column":9},"end":{"line":49,"column":30}},"type":"binary-expr","locations":[{"start":{"line":49,"column":9},"end":{"line":49,"column":14}},{"start":{"line":49,"column":18},"end":{"line":49,"column":30}}],"line":49},"1":{"loc":{"start":{"line":55,"column":2},"end":{"line":55,"column":58}},"type":"if","locations":[{"start":{"line":55,"column":2},"end":{"line":55,"column":58}},{"start":{"line":55,"column":2},"end":{"line":55,"column":58}}],"line":55},"2":{"loc":{"start":{"line":61,"column":2},"end":{"line":61,"column":58}},"type":"if","locations":[{"start":{"line":61,"column":2},"end":{"line":61,"column":58}},{"start":{"line":61,"column":2},"end":{"line":61,"column":58}}],"line":61},"3":{"loc":{"start":{"line":67,"column":2},"end":{"line":67,"column":58}},"type":"if","locations":[{"start":{"line":67,"column":2},"end":{"line":67,"column":58}},{"start":{"line":67,"column":2},"end":{"line":67,"column":58}}],"line":67},"4":{"loc":{"start":{"line":73,"column":2},"end":{"line":73,"column":58}},"type":"if","locations":[{"start":{"line":73,"column":2},"end":{"line":73,"column":58}},{"start":{"line":73,"column":2},"end":{"line":73,"column":58}}],"line":73},"5":{"loc":{"start":{"line":81,"column":2},"end":{"line":83,"column":3}},"type":"if","locations":[{"start":{"line":81,"column":2},"end":{"line":83,"column":3}},{"start":{"line":81,"column":2},"end":{"line":83,"column":3}}],"line":81},"6":{"loc":{"start":{"line":85,"column":2},"end":{"line":85,"column":140}},"type":"if","locations":[{"start":{"line":85,"column":2},"end":{"line":85,"column":140}},{"start":{"line":85,"column":2},"end":{"line":85,"column":140}}],"line":85},"7":{"loc":{"start":{"line":85,"column":6},"end":{"line":85,"column":83}},"type":"binary-expr","locations":[{"start":{"line":85,"column":6},"end":{"line":85,"column":40}},{"start":{"line":85,"column":44},"end":{"line":85,"column":83}}],"line":85},"8":{"loc":{"start":{"line":100,"column":4},"end":{"line":102,"column":5}},"type":"if","locations":[{"start":{"line":100,"column":4},"end":{"line":102,"column":5}},{"start":{"line":100,"column":4},"end":{"line":102,"column":5}}],"line":100},"9":{"loc":{"start":{"line":100,"column":8},"end":{"line":100,"column":43}},"type":"binary-expr","locations":[{"start":{"line":100,"column":8},"end":{"line":100,"column":18}},{"start":{"line":100,"column":22},"end":{"line":100,"column":43}}],"line":100},"10":{"loc":{"start":{"line":114,"column":4},"end":{"line":114,"column":28}},"type":"if","locations":[{"start":{"line":114,"column":4},"end":{"line":114,"column":28}},{"start":{"line":114,"column":4},"end":{"line":114,"column":28}}],"line":114}},"s":{"0":1,"1":1,"2":1,"3":1,"4":1,"5":1,"6":1,"7":3,"8":3,"9":2,"10":1,"11":2,"12":1,"13":2,"14":0,"15":2,"16":1,"17":2,"18":0,"19":2,"20":1,"21":0,"22":0,"23":0,"24":1,"25":3,"26":0,"27":3,"28":1,"29":3,"30":1,"31":2,"32":0,"33":2,"34":1,"35":0,"36":0,"37":0,"38":3,"39":1,"40":2,"41":1},"f":{"0":3,"1":2,"2":2,"3":2,"4":2,"5":0,"6":3,"7":3,"8":0,"9":3},"b":{"0":[2,2],"1":[0,2],"2":[0,2],"3":[0,0],"4":[0,3],"5":[1,2],"6":[0,2],"7":[2,0],"8":[0,0],"9":[0,0],"10":[1,2]},"_coverageSchema":"43e27e138ebf9cfc5966b082cf9a028302ed4184","hash":"cb84448887561d718148c7cb55a9853059e669e3","contentHash":"90deeef08460b3041d359d18bf13c70275dc12abaa426854994f5813c7d842b5"},"/home/alien/Documents/oH/JS/cards-for-humanity/config/passport.js":{"path":"/home/alien/Documents/oH/JS/cards-for-humanity/config/passport.js","statementMap":{"0":{"start":{"line":1,"column":15},"end":{"line":1,"column":34}},"1":{"start":{"line":3,"column":20},"end":{"line":3,"column":54}},"2":{"start":{"line":5,"column":22},"end":{"line":5,"column":58}},"3":{"start":{"line":7,"column":23},"end":{"line":7,"column":60}},"4":{"start":{"line":9,"column":21},"end":{"line":9,"column":56}},"5":{"start":{"line":11,"column":21},"end":{"line":11,"column":68}},"6":{"start":{"line":13,"column":11},"end":{"line":13,"column":33}},"7":{"start":{"line":15,"column":13},"end":{"line":15,"column":32}},"8":{"start":{"line":17,"column":0},"end":{"line":192,"column":1}},"9":{"start":{"line":19,"column":2},"end":{"line":21,"column":4}},"10":{"start":{"line":20,"column":4},"end":{"line":20,"column":23}},"11":{"start":{"line":23,"column":2},"end":{"line":32,"column":4}},"12":{"start":{"line":24,"column":4},"end":{"line":31,"column":6}},"13":{"start":{"line":27,"column":6},"end":{"line":27,"column":23}},"14":{"start":{"line":28,"column":6},"end":{"line":28,"column":26}},"15":{"start":{"line":29,"column":6},"end":{"line":29,"column":33}},"16":{"start":{"line":30,"column":6},"end":{"line":30,"column":21}},"17":{"start":{"line":35,"column":2},"end":{"line":61,"column":4}},"18":{"start":{"line":40,"column":4},"end":{"line":59,"column":6}},"19":{"start":{"line":43,"column":6},"end":{"line":45,"column":7}},"20":{"start":{"line":44,"column":8},"end":{"line":44,"column":24}},"21":{"start":{"line":46,"column":6},"end":{"line":50,"column":7}},"22":{"start":{"line":47,"column":8},"end":{"line":49,"column":10}},"23":{"start":{"line":51,"column":6},"end":{"line":55,"column":7}},"24":{"start":{"line":52,"column":8},"end":{"line":54,"column":10}},"25":{"start":{"line":56,"column":6},"end":{"line":56,"column":23}},"26":{"start":{"line":57,"column":6},"end":{"line":57,"column":33}},"27":{"start":{"line":58,"column":6},"end":{"line":58,"column":29}},"28":{"start":{"line":64,"column":2},"end":{"line":92,"column":4}},"29":{"start":{"line":70,"column":4},"end":{"line":90,"column":6}},"30":{"start":{"line":73,"column":6},"end":{"line":75,"column":7}},"31":{"start":{"line":74,"column":8},"end":{"line":74,"column":24}},"32":{"start":{"line":76,"column":6},"end":{"line":89,"column":7}},"33":{"start":{"line":77,"column":8},"end":{"line":82,"column":10}},"34":{"start":{"line":83,"column":8},"end":{"line":86,"column":10}},"35":{"start":{"line":84,"column":10},"end":{"line":84,"column":35}},"36":{"start":{"line":84,"column":19},"end":{"line":84,"column":35}},"37":{"start":{"line":85,"column":10},"end":{"line":85,"column":32}},"38":{"start":{"line":88,"column":8},"end":{"line":88,"column":30}},"39":{"start":{"line":95,"column":2},"end":{"line":127,"column":4}},"40":{"start":{"line":101,"column":4},"end":{"line":125,"column":6}},"41":{"start":{"line":104,"column":6},"end":{"line":106,"column":7}},"42":{"start":{"line":105,"column":8},"end":{"line":105,"column":24}},"43":{"start":{"line":107,"column":6},"end":{"line":124,"column":7}},"44":{"start":{"line":108,"column":8},"end":{"line":108,"column":28}},"45":{"start":{"line":109,"column":8},"end":{"line":115,"column":10}},"46":{"start":{"line":116,"column":8},"end":{"line":120,"column":10}},"47":{"start":{"line":117,"column":10},"end":{"line":117,"column":35}},"48":{"start":{"line":117,"column":19},"end":{"line":117,"column":35}},"49":{"start":{"line":118,"column":10},"end":{"line":118,"column":30}},"50":{"start":{"line":119,"column":10},"end":{"line":119,"column":32}},"51":{"start":{"line":122,"column":8},"end":{"line":122,"column":28}},"52":{"start":{"line":123,"column":8},"end":{"line":123,"column":30}},"53":{"start":{"line":130,"column":2},"end":{"line":159,"column":4}},"54":{"start":{"line":136,"column":4},"end":{"line":157,"column":6}},"55":{"start":{"line":139,"column":6},"end":{"line":141,"column":7}},"56":{"start":{"line":140,"column":8},"end":{"line":140,"column":24}},"57":{"start":{"line":142,"column":6},"end":{"line":156,"column":7}},"58":{"start":{"line":143,"column":8},"end":{"line":149,"column":10}},"59":{"start":{"line":150,"column":8},"end":{"line":153,"column":10}},"60":{"start":{"line":151,"column":10},"end":{"line":151,"column":35}},"61":{"start":{"line":151,"column":19},"end":{"line":151,"column":35}},"62":{"start":{"line":152,"column":10},"end":{"line":152,"column":32}},"63":{"start":{"line":155,"column":8},"end":{"line":155,"column":30}},"64":{"start":{"line":162,"column":2},"end":{"line":191,"column":4}},"65":{"start":{"line":168,"column":4},"end":{"line":189,"column":6}},"66":{"start":{"line":171,"column":6},"end":{"line":173,"column":7}},"67":{"start":{"line":172,"column":8},"end":{"line":172,"column":24}},"68":{"start":{"line":174,"column":6},"end":{"line":188,"column":7}},"69":{"start":{"line":175,"column":8},"end":{"line":181,"column":10}},"70":{"start":{"line":182,"column":8},"end":{"line":185,"column":10}},"71":{"start":{"line":183,"column":10},"end":{"line":183,"column":35}},"72":{"start":{"line":183,"column":19},"end":{"line":183,"column":35}},"73":{"start":{"line":184,"column":10},"end":{"line":184,"column":32}},"74":{"start":{"line":187,"column":8},"end":{"line":187,"column":30}}},"fnMap":{"0":{"name":"(anonymous_0)","decl":{"start":{"line":17,"column":17},"end":{"line":17,"column":18}},"loc":{"start":{"line":17,"column":37},"end":{"line":192,"column":1}},"line":17},"1":{"name":"(anonymous_1)","decl":{"start":{"line":19,"column":25},"end":{"line":19,"column":26}},"loc":{"start":{"line":19,"column":47},"end":{"line":21,"column":3}},"line":19},"2":{"name":"(anonymous_2)","decl":{"start":{"line":23,"column":27},"end":{"line":23,"column":28}},"loc":{"start":{"line":23,"column":47},"end":{"line":32,"column":3}},"line":23},"3":{"name":"(anonymous_3)","decl":{"start":{"line":26,"column":7},"end":{"line":26,"column":8}},"loc":{"start":{"line":26,"column":28},"end":{"line":31,"column":5}},"line":26},"4":{"name":"(anonymous_4)","decl":{"start":{"line":39,"column":2},"end":{"line":39,"column":3}},"loc":{"start":{"line":39,"column":35},"end":{"line":60,"column":3}},"line":39},"5":{"name":"(anonymous_5)","decl":{"start":{"line":42,"column":7},"end":{"line":42,"column":8}},"loc":{"start":{"line":42,"column":28},"end":{"line":59,"column":5}},"line":42},"6":{"name":"(anonymous_6)","decl":{"start":{"line":69,"column":2},"end":{"line":69,"column":3}},"loc":{"start":{"line":69,"column":47},"end":{"line":91,"column":3}},"line":69},"7":{"name":"(anonymous_7)","decl":{"start":{"line":72,"column":7},"end":{"line":72,"column":8}},"loc":{"start":{"line":72,"column":28},"end":{"line":90,"column":5}},"line":72},"8":{"name":"(anonymous_8)","decl":{"start":{"line":83,"column":18},"end":{"line":83,"column":19}},"loc":{"start":{"line":83,"column":33},"end":{"line":86,"column":9}},"line":83},"9":{"name":"(anonymous_9)","decl":{"start":{"line":100,"column":2},"end":{"line":100,"column":3}},"loc":{"start":{"line":100,"column":54},"end":{"line":126,"column":3}},"line":100},"10":{"name":"(anonymous_10)","decl":{"start":{"line":103,"column":7},"end":{"line":103,"column":8}},"loc":{"start":{"line":103,"column":28},"end":{"line":125,"column":5}},"line":103},"11":{"name":"(anonymous_11)","decl":{"start":{"line":116,"column":18},"end":{"line":116,"column":19}},"loc":{"start":{"line":116,"column":33},"end":{"line":120,"column":9}},"line":116},"12":{"name":"(anonymous_12)","decl":{"start":{"line":135,"column":2},"end":{"line":135,"column":3}},"loc":{"start":{"line":135,"column":54},"end":{"line":158,"column":3}},"line":135},"13":{"name":"(anonymous_13)","decl":{"start":{"line":138,"column":7},"end":{"line":138,"column":8}},"loc":{"start":{"line":138,"column":28},"end":{"line":157,"column":5}},"line":138},"14":{"name":"(anonymous_14)","decl":{"start":{"line":150,"column":18},"end":{"line":150,"column":19}},"loc":{"start":{"line":150,"column":33},"end":{"line":153,"column":9}},"line":150},"15":{"name":"(anonymous_15)","decl":{"start":{"line":167,"column":2},"end":{"line":167,"column":3}},"loc":{"start":{"line":167,"column":54},"end":{"line":190,"column":3}},"line":167},"16":{"name":"(anonymous_16)","decl":{"start":{"line":170,"column":7},"end":{"line":170,"column":8}},"loc":{"start":{"line":170,"column":28},"end":{"line":189,"column":5}},"line":170},"17":{"name":"(anonymous_17)","decl":{"start":{"line":182,"column":18},"end":{"line":182,"column":19}},"loc":{"start":{"line":182,"column":33},"end":{"line":185,"column":9}},"line":182}},"branchMap":{"0":{"loc":{"start":{"line":43,"column":6},"end":{"line":45,"column":7}},"type":"if","locations":[{"start":{"line":43,"column":6},"end":{"line":45,"column":7}},{"start":{"line":43,"column":6},"end":{"line":45,"column":7}}],"line":43},"1":{"loc":{"start":{"line":46,"column":6},"end":{"line":50,"column":7}},"type":"if","locations":[{"start":{"line":46,"column":6},"end":{"line":50,"column":7}},{"start":{"line":46,"column":6},"end":{"line":50,"column":7}}],"line":46},"2":{"loc":{"start":{"line":51,"column":6},"end":{"line":55,"column":7}},"type":"if","locations":[{"start":{"line":51,"column":6},"end":{"line":55,"column":7}},{"start":{"line":51,"column":6},"end":{"line":55,"column":7}}],"line":51},"3":{"loc":{"start":{"line":65,"column":17},"end":{"line":65,"column":76}},"type":"binary-expr","locations":[{"start":{"line":65,"column":17},"end":{"line":65,"column":49}},{"start":{"line":65,"column":53},"end":{"line":65,"column":76}}],"line":65},"4":{"loc":{"start":{"line":66,"column":20},"end":{"line":66,"column":86}},"type":"binary-expr","locations":[{"start":{"line":66,"column":20},"end":{"line":66,"column":55}},{"start":{"line":66,"column":59},"end":{"line":66,"column":86}}],"line":66},"5":{"loc":{"start":{"line":73,"column":6},"end":{"line":75,"column":7}},"type":"if","locations":[{"start":{"line":73,"column":6},"end":{"line":75,"column":7}},{"start":{"line":73,"column":6},"end":{"line":75,"column":7}}],"line":73},"6":{"loc":{"start":{"line":76,"column":6},"end":{"line":89,"column":7}},"type":"if","locations":[{"start":{"line":76,"column":6},"end":{"line":89,"column":7}},{"start":{"line":76,"column":6},"end":{"line":89,"column":7}}],"line":76},"7":{"loc":{"start":{"line":84,"column":10},"end":{"line":84,"column":35}},"type":"if","locations":[{"start":{"line":84,"column":10},"end":{"line":84,"column":35}},{"start":{"line":84,"column":10},"end":{"line":84,"column":35}}],"line":84},"8":{"loc":{"start":{"line":96,"column":14},"end":{"line":96,"column":66}},"type":"binary-expr","locations":[{"start":{"line":96,"column":14},"end":{"line":96,"column":38}},{"start":{"line":96,"column":42},"end":{"line":96,"column":66}}],"line":96},"9":{"loc":{"start":{"line":97,"column":18},"end":{"line":97,"column":78}},"type":"binary-expr","locations":[{"start":{"line":97,"column":18},"end":{"line":97,"column":46}},{"start":{"line":97,"column":50},"end":{"line":97,"column":78}}],"line":97},"10":{"loc":{"start":{"line":104,"column":6},"end":{"line":106,"column":7}},"type":"if","locations":[{"start":{"line":104,"column":6},"end":{"line":106,"column":7}},{"start":{"line":104,"column":6},"end":{"line":106,"column":7}}],"line":104},"11":{"loc":{"start":{"line":107,"column":6},"end":{"line":124,"column":7}},"type":"if","locations":[{"start":{"line":107,"column":6},"end":{"line":124,"column":7}},{"start":{"line":107,"column":6},"end":{"line":124,"column":7}}],"line":107},"12":{"loc":{"start":{"line":111,"column":17},"end":{"line":111,"column":66}},"type":"binary-expr","locations":[{"start":{"line":111,"column":18},"end":{"line":111,"column":32}},{"start":{"line":111,"column":36},"end":{"line":111,"column":59}},{"start":{"line":111,"column":64},"end":{"line":111,"column":66}}],"line":111},"13":{"loc":{"start":{"line":117,"column":10},"end":{"line":117,"column":35}},"type":"if","locations":[{"start":{"line":117,"column":10},"end":{"line":117,"column":35}},{"start":{"line":117,"column":10},"end":{"line":117,"column":35}}],"line":117},"14":{"loc":{"start":{"line":131,"column":14},"end":{"line":131,"column":68}},"type":"binary-expr","locations":[{"start":{"line":131,"column":14},"end":{"line":131,"column":42}},{"start":{"line":131,"column":46},"end":{"line":131,"column":68}}],"line":131},"15":{"loc":{"start":{"line":132,"column":18},"end":{"line":132,"column":80}},"type":"binary-expr","locations":[{"start":{"line":132,"column":18},"end":{"line":132,"column":50}},{"start":{"line":132,"column":54},"end":{"line":132,"column":80}}],"line":132},"16":{"loc":{"start":{"line":139,"column":6},"end":{"line":141,"column":7}},"type":"if","locations":[{"start":{"line":139,"column":6},"end":{"line":141,"column":7}},{"start":{"line":139,"column":6},"end":{"line":141,"column":7}}],"line":139},"17":{"loc":{"start":{"line":142,"column":6},"end":{"line":156,"column":7}},"type":"if","locations":[{"start":{"line":142,"column":6},"end":{"line":156,"column":7}},{"start":{"line":142,"column":6},"end":{"line":156,"column":7}}],"line":142},"18":{"loc":{"start":{"line":151,"column":10},"end":{"line":151,"column":35}},"type":"if","locations":[{"start":{"line":151,"column":10},"end":{"line":151,"column":35}},{"start":{"line":151,"column":10},"end":{"line":151,"column":35}}],"line":151},"19":{"loc":{"start":{"line":163,"column":14},"end":{"line":163,"column":68}},"type":"binary-expr","locations":[{"start":{"line":163,"column":14},"end":{"line":163,"column":42}},{"start":{"line":163,"column":46},"end":{"line":163,"column":68}}],"line":163},"20":{"loc":{"start":{"line":164,"column":18},"end":{"line":164,"column":80}},"type":"binary-expr","locations":[{"start":{"line":164,"column":18},"end":{"line":164,"column":50}},{"start":{"line":164,"column":54},"end":{"line":164,"column":80}}],"line":164},"21":{"loc":{"start":{"line":171,"column":6},"end":{"line":173,"column":7}},"type":"if","locations":[{"start":{"line":171,"column":6},"end":{"line":173,"column":7}},{"start":{"line":171,"column":6},"end":{"line":173,"column":7}}],"line":171},"22":{"loc":{"start":{"line":174,"column":6},"end":{"line":188,"column":7}},"type":"if","locations":[{"start":{"line":174,"column":6},"end":{"line":188,"column":7}},{"start":{"line":174,"column":6},"end":{"line":188,"column":7}}],"line":174},"23":{"loc":{"start":{"line":183,"column":10},"end":{"line":183,"column":35}},"type":"if","locations":[{"start":{"line":183,"column":10},"end":{"line":183,"column":35}},{"start":{"line":183,"column":10},"end":{"line":183,"column":35}}],"line":183}},"s":{"0":1,"1":1,"2":1,"3":1,"4":1,"5":1,"6":1,"7":1,"8":1,"9":1,"10":0,"11":1,"12":0,"13":0,"14":0,"15":0,"16":0,"17":1,"18":0,"19":0,"20":0,"21":0,"22":0,"23":0,"24":0,"25":0,"26":0,"27":0,"28":1,"29":0,"30":0,"31":0,"32":0,"33":0,"34":0,"35":0,"36":0,"37":0,"38":0,"39":1,"40":0,"41":0,"42":0,"43":0,"44":0,"45":0,"46":0,"47":0,"48":0,"49":0,"50":0,"51":0,"52":0,"53":1,"54":0,"55":0,"56":0,"57":0,"58":0,"59":0,"60":0,"61":0,"62":0,"63":0,"64":1,"65":0,"66":0,"67":0,"68":0,"69":0,"70":0,"71":0,"72":0,"73":0,"74":0},"f":{"0":1,"1":0,"2":0,"3":0,"4":0,"5":0,"6":0,"7":0,"8":0,"9":0,"10":0,"11":0,"12":0,"13":0,"14":0,"15":0,"16":0,"17":0},"b":{"0":[0,0],"1":[0,0],"2":[0,0],"3":[1,1],"4":[1,1],"5":[0,0],"6":[0,0],"7":[0,0],"8":[1,1],"9":[1,1],"10":[0,0],"11":[0,0],"12":[0,0,0],"13":[0,0],"14":[1,1],"15":[1,1],"16":[0,0],"17":[0,0],"18":[0,0],"19":[1,1],"20":[1,1],"21":[0,0],"22":[0,0],"23":[0,0]},"_coverageSchema":"43e27e138ebf9cfc5966b082cf9a028302ed4184","hash":"d991e38a4b2fed77c420c34fd49a67789050cf10","contentHash":"143ffeede872e43813942c7cd521516731552731abfd38631718d7dbfb0792c9"},"/home/alien/Documents/oH/JS/cards-for-humanity/config/routes.js":{"path":"/home/alien/Documents/oH/JS/cards-for-humanity/config/routes.js","statementMap":{"0":{"start":{"line":1,"column":12},"end":{"line":1,"column":28}},"1":{"start":{"line":3,"column":0},"end":{"line":92,"column":1}},"2":{"start":{"line":5,"column":14},"end":{"line":5,"column":49}},"3":{"start":{"line":6,"column":2},"end":{"line":6,"column":34}},"4":{"start":{"line":7,"column":2},"end":{"line":7,"column":34}},"5":{"start":{"line":8,"column":2},"end":{"line":8,"column":46}},"6":{"start":{"line":9,"column":2},"end":{"line":9,"column":36}},"7":{"start":{"line":12,"column":2},"end":{"line":12,"column":34}},"8":{"start":{"line":13,"column":2},"end":{"line":13,"column":43}},"9":{"start":{"line":16,"column":2},"end":{"line":16,"column":43}},"10":{"start":{"line":18,"column":2},"end":{"line":21,"column":20}},"11":{"start":{"line":23,"column":2},"end":{"line":23,"column":32}},"12":{"start":{"line":24,"column":2},"end":{"line":24,"column":39}},"13":{"start":{"line":27,"column":2},"end":{"line":30,"column":19}},"14":{"start":{"line":32,"column":2},"end":{"line":34,"column":25}},"15":{"start":{"line":37,"column":2},"end":{"line":39,"column":19}},"16":{"start":{"line":41,"column":2},"end":{"line":43,"column":25}},"17":{"start":{"line":46,"column":2},"end":{"line":48,"column":19}},"18":{"start":{"line":50,"column":2},"end":{"line":52,"column":25}},"19":{"start":{"line":55,"column":2},"end":{"line":61,"column":19}},"20":{"start":{"line":63,"column":2},"end":{"line":65,"column":25}},"21":{"start":{"line":68,"column":2},"end":{"line":68,"column":33}},"22":{"start":{"line":71,"column":16},"end":{"line":71,"column":53}},"23":{"start":{"line":72,"column":2},"end":{"line":72,"column":34}},"24":{"start":{"line":73,"column":2},"end":{"line":73,"column":45}},"25":{"start":{"line":75,"column":2},"end":{"line":75,"column":39}},"26":{"start":{"line":78,"column":18},"end":{"line":78,"column":57}},"27":{"start":{"line":79,"column":2},"end":{"line":79,"column":38}},"28":{"start":{"line":80,"column":2},"end":{"line":80,"column":51}},"29":{"start":{"line":82,"column":2},"end":{"line":82,"column":45}},"30":{"start":{"line":85,"column":16},"end":{"line":85,"column":53}},"31":{"start":{"line":86,"column":2},"end":{"line":86,"column":38}},"32":{"start":{"line":89,"column":14},"end":{"line":89,"column":49}},"33":{"start":{"line":90,"column":2},"end":{"line":90,"column":30}},"34":{"start":{"line":91,"column":2},"end":{"line":91,"column":28}}},"fnMap":{"0":{"name":"(anonymous_0)","decl":{"start":{"line":3,"column":17},"end":{"line":3,"column":18}},"loc":{"start":{"line":3,"column":48},"end":{"line":92,"column":1}},"line":3}},"branchMap":{},"s":{"0":1,"1":1,"2":1,"3":1,"4":1,"5":1,"6":1,"7":1,"8":1,"9":1,"10":1,"11":1,"12":1,"13":1,"14":1,"15":1,"16":1,"17":1,"18":1,"19":1,"20":1,"21":1,"22":1,"23":1,"24":1,"25":1,"26":1,"27":1,"28":1,"29":1,"30":1,"31":1,"32":1,"33":1,"34":1},"f":{"0":1},"b":{},"_coverageSchema":"43e27e138ebf9cfc5966b082cf9a028302ed4184","hash":"665ef8f09f7a1a16cda31129cf061bb5ff5d78eb","contentHash":"33e1340469e037dd5922d00f24e4f2b23106cc48110e9832023cf04d5ad5225b"},"/home/alien/Documents/oH/JS/cards-for-humanity/app/controllers/users.js":{"path":"/home/alien/Documents/oH/JS/cards-for-humanity/app/controllers/users.js","statementMap":{"0":{"start":{"line":4,"column":15},"end":{"line":4,"column":34}},"1":{"start":{"line":6,"column":11},"end":{"line":6,"column":33}},"2":{"start":{"line":7,"column":14},"end":{"line":7,"column":40}},"3":{"start":{"line":12,"column":0},"end":{"line":14,"column":1}},"4":{"start":{"line":13,"column":2},"end":{"line":13,"column":32}},"5":{"start":{"line":19,"column":0},"end":{"line":25,"column":1}},"6":{"start":{"line":20,"column":2},"end":{"line":24,"column":3}},"7":{"start":{"line":21,"column":4},"end":{"line":21,"column":44}},"8":{"start":{"line":23,"column":4},"end":{"line":23,"column":27}},"9":{"start":{"line":30,"column":0},"end":{"line":36,"column":1}},"10":{"start":{"line":31,"column":2},"end":{"line":35,"column":3}},"11":{"start":{"line":32,"column":4},"end":{"line":32,"column":30}},"12":{"start":{"line":34,"column":4},"end":{"line":34,"column":27}},"13":{"start":{"line":41,"column":0},"end":{"line":44,"column":1}},"14":{"start":{"line":42,"column":2},"end":{"line":42,"column":14}},"15":{"start":{"line":43,"column":2},"end":{"line":43,"column":19}},"16":{"start":{"line":49,"column":0},"end":{"line":51,"column":1}},"17":{"start":{"line":50,"column":2},"end":{"line":50,"column":19}},"18":{"start":{"line":58,"column":0},"end":{"line":74,"column":1}},"19":{"start":{"line":59,"column":2},"end":{"line":73,"column":3}},"20":{"start":{"line":60,"column":4},"end":{"line":69,"column":8}},"21":{"start":{"line":64,"column":8},"end":{"line":68,"column":9}},"22":{"start":{"line":65,"column":10},"end":{"line":65,"column":30}},"23":{"start":{"line":67,"column":10},"end":{"line":67,"column":43}},"24":{"start":{"line":72,"column":4},"end":{"line":72,"column":21}},"25":{"start":{"line":79,"column":0},"end":{"line":117,"column":1}},"26":{"start":{"line":80,"column":2},"end":{"line":116,"column":3}},"27":{"start":{"line":81,"column":4},"end":{"line":109,"column":6}},"28":{"start":{"line":84,"column":6},"end":{"line":86,"column":7}},"29":{"start":{"line":85,"column":8},"end":{"line":85,"column":26}},"30":{"start":{"line":87,"column":6},"end":{"line":108,"column":7}},"31":{"start":{"line":88,"column":19},"end":{"line":88,"column":37}},"32":{"start":{"line":90,"column":8},"end":{"line":90,"column":42}},"33":{"start":{"line":91,"column":8},"end":{"line":91,"column":31}},"34":{"start":{"line":92,"column":8},"end":{"line":102,"column":10}},"35":{"start":{"line":93,"column":10},"end":{"line":101,"column":11}},"36":{"start":{"line":94,"column":12},"end":{"line":98,"column":16}},"37":{"start":{"line":100,"column":12},"end":{"line":100,"column":64}},"38":{"start":{"line":104,"column":8},"end":{"line":107,"column":10}},"39":{"start":{"line":111,"column":4},"end":{"line":115,"column":8}},"40":{"start":{"line":122,"column":0},"end":{"line":135,"column":1}},"41":{"start":{"line":124,"column":2},"end":{"line":133,"column":3}},"42":{"start":{"line":126,"column":4},"end":{"line":132,"column":8}},"43":{"start":{"line":130,"column":8},"end":{"line":130,"column":46}},"44":{"start":{"line":131,"column":8},"end":{"line":131,"column":19}},"45":{"start":{"line":134,"column":2},"end":{"line":134,"column":32}},"46":{"start":{"line":137,"column":0},"end":{"line":165,"column":1}},"47":{"start":{"line":138,"column":2},"end":{"line":163,"column":3}},"48":{"start":{"line":140,"column":4},"end":{"line":162,"column":5}},"49":{"start":{"line":141,"column":6},"end":{"line":161,"column":10}},"50":{"start":{"line":146,"column":10},"end":{"line":148,"column":11}},"51":{"start":{"line":147,"column":12},"end":{"line":147,"column":30}},"52":{"start":{"line":149,"column":26},"end":{"line":149,"column":31}},"53":{"start":{"line":150,"column":10},"end":{"line":154,"column":11}},"54":{"start":{"line":150,"column":23},"end":{"line":150,"column":24}},"55":{"start":{"line":151,"column":12},"end":{"line":153,"column":13}},"56":{"start":{"line":152,"column":14},"end":{"line":152,"column":30}},"57":{"start":{"line":155,"column":10},"end":{"line":160,"column":11}},"58":{"start":{"line":156,"column":12},"end":{"line":156,"column":45}},"59":{"start":{"line":157,"column":12},"end":{"line":157,"column":41}},"60":{"start":{"line":158,"column":12},"end":{"line":158,"column":28}},"61":{"start":{"line":159,"column":12},"end":{"line":159,"column":23}},"62":{"start":{"line":164,"column":2},"end":{"line":164,"column":12}},"63":{"start":{"line":170,"column":0},"end":{"line":177,"column":1}},"64":{"start":{"line":171,"column":13},"end":{"line":171,"column":24}},"65":{"start":{"line":173,"column":2},"end":{"line":176,"column":4}},"66":{"start":{"line":182,"column":0},"end":{"line":184,"column":1}},"67":{"start":{"line":183,"column":2},"end":{"line":183,"column":29}},"68":{"start":{"line":189,"column":0},"end":{"line":200,"column":1}},"69":{"start":{"line":190,"column":2},"end":{"line":199,"column":6}},"70":{"start":{"line":195,"column":6},"end":{"line":195,"column":31}},"71":{"start":{"line":195,"column":15},"end":{"line":195,"column":31}},"72":{"start":{"line":196,"column":6},"end":{"line":196,"column":68}},"73":{"start":{"line":196,"column":17},"end":{"line":196,"column":68}},"74":{"start":{"line":197,"column":6},"end":{"line":197,"column":24}},"75":{"start":{"line":198,"column":6},"end":{"line":198,"column":12}}},"fnMap":{"0":{"name":"(anonymous_0)","decl":{"start":{"line":12,"column":23},"end":{"line":12,"column":24}},"loc":{"start":{"line":12,"column":49},"end":{"line":14,"column":1}},"line":12},"1":{"name":"(anonymous_1)","decl":{"start":{"line":19,"column":17},"end":{"line":19,"column":18}},"loc":{"start":{"line":19,"column":37},"end":{"line":25,"column":1}},"line":19},"2":{"name":"(anonymous_2)","decl":{"start":{"line":30,"column":17},"end":{"line":30,"column":18}},"loc":{"start":{"line":30,"column":37},"end":{"line":36,"column":1}},"line":30},"3":{"name":"(anonymous_3)","decl":{"start":{"line":41,"column":18},"end":{"line":41,"column":19}},"loc":{"start":{"line":41,"column":38},"end":{"line":44,"column":1}},"line":41},"4":{"name":"(anonymous_4)","decl":{"start":{"line":49,"column":18},"end":{"line":49,"column":19}},"loc":{"start":{"line":49,"column":38},"end":{"line":51,"column":1}},"line":49},"5":{"name":"(anonymous_5)","decl":{"start":{"line":58,"column":22},"end":{"line":58,"column":23}},"loc":{"start":{"line":58,"column":42},"end":{"line":74,"column":1}},"line":58},"6":{"name":"(anonymous_6)","decl":{"start":{"line":63,"column":12},"end":{"line":63,"column":13}},"loc":{"start":{"line":63,"column":33},"end":{"line":69,"column":7}},"line":63},"7":{"name":"(anonymous_7)","decl":{"start":{"line":79,"column":17},"end":{"line":79,"column":18}},"loc":{"start":{"line":79,"column":37},"end":{"line":117,"column":1}},"line":79},"8":{"name":"(anonymous_8)","decl":{"start":{"line":83,"column":12},"end":{"line":83,"column":13}},"loc":{"start":{"line":83,"column":41},"end":{"line":109,"column":5}},"line":83},"9":{"name":"(anonymous_9)","decl":{"start":{"line":92,"column":18},"end":{"line":92,"column":19}},"loc":{"start":{"line":92,"column":33},"end":{"line":102,"column":9}},"line":92},"10":{"name":"(anonymous_10)","decl":{"start":{"line":122,"column":18},"end":{"line":122,"column":19}},"loc":{"start":{"line":122,"column":38},"end":{"line":135,"column":1}},"line":122},"11":{"name":"(anonymous_11)","decl":{"start":{"line":129,"column":12},"end":{"line":129,"column":13}},"loc":{"start":{"line":129,"column":33},"end":{"line":132,"column":7}},"line":129},"12":{"name":"(anonymous_12)","decl":{"start":{"line":137,"column":22},"end":{"line":137,"column":23}},"loc":{"start":{"line":137,"column":42},"end":{"line":165,"column":1}},"line":137},"13":{"name":"(anonymous_13)","decl":{"start":{"line":144,"column":14},"end":{"line":144,"column":15}},"loc":{"start":{"line":144,"column":35},"end":{"line":161,"column":9}},"line":144},"14":{"name":"(anonymous_14)","decl":{"start":{"line":170,"column":15},"end":{"line":170,"column":16}},"loc":{"start":{"line":170,"column":35},"end":{"line":177,"column":1}},"line":170},"15":{"name":"(anonymous_15)","decl":{"start":{"line":182,"column":13},"end":{"line":182,"column":14}},"loc":{"start":{"line":182,"column":33},"end":{"line":184,"column":1}},"line":182},"16":{"name":"(anonymous_16)","decl":{"start":{"line":189,"column":15},"end":{"line":189,"column":16}},"loc":{"start":{"line":189,"column":45},"end":{"line":200,"column":1}},"line":189},"17":{"name":"(anonymous_17)","decl":{"start":{"line":194,"column":10},"end":{"line":194,"column":11}},"loc":{"start":{"line":194,"column":31},"end":{"line":199,"column":5}},"line":194}},"branchMap":{"0":{"loc":{"start":{"line":20,"column":2},"end":{"line":24,"column":3}},"type":"if","locations":[{"start":{"line":20,"column":2},"end":{"line":24,"column":3}},{"start":{"line":20,"column":2},"end":{"line":24,"column":3}}],"line":20},"1":{"loc":{"start":{"line":31,"column":2},"end":{"line":35,"column":3}},"type":"if","locations":[{"start":{"line":31,"column":2},"end":{"line":35,"column":3}},{"start":{"line":31,"column":2},"end":{"line":35,"column":3}}],"line":31},"2":{"loc":{"start":{"line":59,"column":2},"end":{"line":73,"column":3}},"type":"if","locations":[{"start":{"line":59,"column":2},"end":{"line":73,"column":3}},{"start":{"line":59,"column":2},"end":{"line":73,"column":3}}],"line":59},"3":{"loc":{"start":{"line":59,"column":6},"end":{"line":59,"column":30}},"type":"binary-expr","locations":[{"start":{"line":59,"column":6},"end":{"line":59,"column":14}},{"start":{"line":59,"column":18},"end":{"line":59,"column":30}}],"line":59},"4":{"loc":{"start":{"line":64,"column":8},"end":{"line":68,"column":9}},"type":"if","locations":[{"start":{"line":64,"column":8},"end":{"line":68,"column":9}},{"start":{"line":64,"column":8},"end":{"line":68,"column":9}}],"line":64},"5":{"loc":{"start":{"line":80,"column":2},"end":{"line":116,"column":3}},"type":"if","locations":[{"start":{"line":80,"column":2},"end":{"line":116,"column":3}},{"start":{"line":80,"column":2},"end":{"line":116,"column":3}}],"line":80},"6":{"loc":{"start":{"line":80,"column":6},"end":{"line":80,"column":58}},"type":"binary-expr","locations":[{"start":{"line":80,"column":6},"end":{"line":80,"column":19}},{"start":{"line":80,"column":23},"end":{"line":80,"column":40}},{"start":{"line":80,"column":44},"end":{"line":80,"column":58}}],"line":80},"7":{"loc":{"start":{"line":84,"column":6},"end":{"line":86,"column":7}},"type":"if","locations":[{"start":{"line":84,"column":6},"end":{"line":86,"column":7}},{"start":{"line":84,"column":6},"end":{"line":86,"column":7}}],"line":84},"8":{"loc":{"start":{"line":87,"column":6},"end":{"line":108,"column":7}},"type":"if","locations":[{"start":{"line":87,"column":6},"end":{"line":108,"column":7}},{"start":{"line":87,"column":6},"end":{"line":108,"column":7}}],"line":87},"9":{"loc":{"start":{"line":93,"column":10},"end":{"line":101,"column":11}},"type":"if","locations":[{"start":{"line":93,"column":10},"end":{"line":101,"column":11}},{"start":{"line":93,"column":10},"end":{"line":101,"column":11}}],"line":93},"10":{"loc":{"start":{"line":124,"column":2},"end":{"line":133,"column":3}},"type":"if","locations":[{"start":{"line":124,"column":2},"end":{"line":133,"column":3}},{"start":{"line":124,"column":2},"end":{"line":133,"column":3}}],"line":124},"11":{"loc":{"start":{"line":124,"column":6},"end":{"line":125,"column":58}},"type":"binary-expr","locations":[{"start":{"line":124,"column":6},"end":{"line":124,"column":14}},{"start":{"line":124,"column":18},"end":{"line":124,"column":30}},{"start":{"line":124,"column":34},"end":{"line":124,"column":63}},{"start":{"line":125,"column":4},"end":{"line":125,"column":30}},{"start":{"line":125,"column":34},"end":{"line":125,"column":58}}],"line":124},"12":{"loc":{"start":{"line":138,"column":2},"end":{"line":163,"column":3}},"type":"if","locations":[{"start":{"line":138,"column":2},"end":{"line":163,"column":3}},{"start":{"line":138,"column":2},"end":{"line":163,"column":3}}],"line":138},"13":{"loc":{"start":{"line":138,"column":6},"end":{"line":138,"column":42}},"type":"binary-expr","locations":[{"start":{"line":138,"column":6},"end":{"line":138,"column":14}},{"start":{"line":138,"column":18},"end":{"line":138,"column":26}},{"start":{"line":138,"column":30},"end":{"line":138,"column":42}}],"line":138},"14":{"loc":{"start":{"line":140,"column":4},"end":{"line":162,"column":5}},"type":"if","locations":[{"start":{"line":140,"column":4},"end":{"line":162,"column":5}},{"start":{"line":140,"column":4},"end":{"line":162,"column":5}}],"line":140},"15":{"loc":{"start":{"line":140,"column":8},"end":{"line":140,"column":80}},"type":"binary-expr","locations":[{"start":{"line":140,"column":8},"end":{"line":140,"column":23}},{"start":{"line":140,"column":27},"end":{"line":140,"column":57}},{"start":{"line":140,"column":61},"end":{"line":140,"column":80}}],"line":140},"16":{"loc":{"start":{"line":146,"column":10},"end":{"line":148,"column":11}},"type":"if","locations":[{"start":{"line":146,"column":10},"end":{"line":148,"column":11}},{"start":{"line":146,"column":10},"end":{"line":148,"column":11}}],"line":146},"17":{"loc":{"start":{"line":151,"column":12},"end":{"line":153,"column":13}},"type":"if","locations":[{"start":{"line":151,"column":12},"end":{"line":153,"column":13}},{"start":{"line":151,"column":12},"end":{"line":153,"column":13}}],"line":151},"18":{"loc":{"start":{"line":155,"column":10},"end":{"line":160,"column":11}},"type":"if","locations":[{"start":{"line":155,"column":10},"end":{"line":160,"column":11}},{"start":{"line":155,"column":10},"end":{"line":160,"column":11}}],"line":155},"19":{"loc":{"start":{"line":183,"column":12},"end":{"line":183,"column":28}},"type":"binary-expr","locations":[{"start":{"line":183,"column":12},"end":{"line":183,"column":20}},{"start":{"line":183,"column":24},"end":{"line":183,"column":28}}],"line":183},"20":{"loc":{"start":{"line":195,"column":6},"end":{"line":195,"column":31}},"type":"if","locations":[{"start":{"line":195,"column":6},"end":{"line":195,"column":31}},{"start":{"line":195,"column":6},"end":{"line":195,"column":31}}],"line":195},"21":{"loc":{"start":{"line":196,"column":6},"end":{"line":196,"column":68}},"type":"if","locations":[{"start":{"line":196,"column":6},"end":{"line":196,"column":68}},{"start":{"line":196,"column":6},"end":{"line":196,"column":68}}],"line":196}},"s":{"0":1,"1":1,"2":1,"3":1,"4":0,"5":1,"6":0,"7":0,"8":0,"9":1,"10":0,"11":0,"12":0,"13":1,"14":0,"15":0,"16":1,"17":0,"18":1,"19":0,"20":0,"21":0,"22":0,"23":0,"24":0,"25":1,"26":0,"27":0,"28":0,"29":0,"30":0,"31":0,"32":0,"33":0,"34":0,"35":0,"36":0,"37":0,"38":0,"39":0,"40":1,"41":0,"42":0,"43":0,"44":0,"45":0,"46":1,"47":0,"48":0,"49":0,"50":0,"51":0,"52":0,"53":0,"54":0,"55":0,"56":0,"57":0,"58":0,"59":0,"60":0,"61":0,"62":0,"63":1,"64":0,"65":0,"66":1,"67":0,"68":1,"69":0,"70":0,"71":0,"72":0,"73":0,"74":0,"75":0},"f":{"0":0,"1":0,"2":0,"3":0,"4":0,"5":0,"6":0,"7":0,"8":0,"9":0,"10":0,"11":0,"12":0,"13":0,"14":0,"15":0,"16":0,"17":0},"b":{"0":[0,0],"1":[0,0],"2":[0,0],"3":[0,0],"4":[0,0],"5":[0,0],"6":[0,0,0],"7":[0,0],"8":[0,0],"9":[0,0],"10":[0,0],"11":[0,0,0,0,0],"12":[0,0],"13":[0,0,0],"14":[0,0],"15":[0,0,0],"16":[0,0],"17":[0,0],"18":[0,0],"19":[0,0],"20":[0,0],"21":[0,0]},"_coverageSchema":"43e27e138ebf9cfc5966b082cf9a028302ed4184","hash":"1e64b2d43218aed36a1fd8fa6ab27025ecbae571","contentHash":"1a33c189ebd3ac8384898ec15cdf4ff56c13ee5951cb40f0bcdbc33992f5c6b9"},"/home/alien/Documents/oH/JS/cards-for-humanity/app/controllers/avatars.js":{"path":"/home/alien/Documents/oH/JS/cards-for-humanity/app/controllers/avatars.js","statementMap":{"0":{"start":{"line":4,"column":0},"end":{"line":19,"column":24}},"1":{"start":{"line":21,"column":0},"end":{"line":25,"column":1}},"2":{"start":{"line":24,"column":2},"end":{"line":24,"column":33}},"3":{"start":{"line":27,"column":0},"end":{"line":29,"column":1}},"4":{"start":{"line":28,"column":2},"end":{"line":28,"column":16}}},"fnMap":{"0":{"name":"(anonymous_0)","decl":{"start":{"line":21,"column":18},"end":{"line":21,"column":19}},"loc":{"start":{"line":21,"column":38},"end":{"line":25,"column":1}},"line":21},"1":{"name":"(anonymous_1)","decl":{"start":{"line":27,"column":14},"end":{"line":27,"column":15}},"loc":{"start":{"line":27,"column":26},"end":{"line":29,"column":1}},"line":27}},"branchMap":{},"s":{"0":1,"1":1,"2":0,"3":1,"4":2},"f":{"0":0,"1":2},"b":{},"_coverageSchema":"43e27e138ebf9cfc5966b082cf9a028302ed4184","hash":"b835ed8a500cc01d8b85c67831ef1e867016cd91","contentHash":"19e5fd7df16bfe2e257d1b72c80a214cf0301b962cd20c91a9c44d6f371591ec"},"/home/alien/Documents/oH/JS/cards-for-humanity/app/controllers/answers.js":{"path":"/home/alien/Documents/oH/JS/cards-for-humanity/app/controllers/answers.js","statementMap":{"0":{"start":{"line":4,"column":15},"end":{"line":4,"column":34}},"1":{"start":{"line":6,"column":12},"end":{"line":6,"column":28}},"2":{"start":{"line":8,"column":13},"end":{"line":8,"column":37}},"3":{"start":{"line":10,"column":8},"end":{"line":10,"column":29}},"4":{"start":{"line":15,"column":0},"end":{"line":22,"column":1}},"5":{"start":{"line":16,"column":2},"end":{"line":21,"column":4}},"6":{"start":{"line":17,"column":4},"end":{"line":17,"column":29}},"7":{"start":{"line":17,"column":13},"end":{"line":17,"column":29}},"8":{"start":{"line":18,"column":4},"end":{"line":18,"column":70}},"9":{"start":{"line":18,"column":17},"end":{"line":18,"column":70}},"10":{"start":{"line":19,"column":4},"end":{"line":19,"column":23}},"11":{"start":{"line":20,"column":4},"end":{"line":20,"column":10}},"12":{"start":{"line":27,"column":0},"end":{"line":29,"column":1}},"13":{"start":{"line":28,"column":2},"end":{"line":28,"column":23}},"14":{"start":{"line":34,"column":0},"end":{"line":44,"column":1}},"15":{"start":{"line":35,"column":2},"end":{"line":43,"column":4}},"16":{"start":{"line":36,"column":4},"end":{"line":42,"column":5}},"17":{"start":{"line":37,"column":6},"end":{"line":39,"column":8}},"18":{"start":{"line":41,"column":6},"end":{"line":41,"column":24}},"19":{"start":{"line":49,"column":0},"end":{"line":57,"column":1}},"20":{"start":{"line":50,"column":2},"end":{"line":56,"column":4}},"21":{"start":{"line":51,"column":4},"end":{"line":55,"column":5}},"22":{"start":{"line":52,"column":6},"end":{"line":52,"column":22}},"23":{"start":{"line":54,"column":6},"end":{"line":54,"column":17}}},"fnMap":{"0":{"name":"(anonymous_0)","decl":{"start":{"line":15,"column":17},"end":{"line":15,"column":18}},"loc":{"start":{"line":15,"column":47},"end":{"line":22,"column":1}},"line":15},"1":{"name":"(anonymous_1)","decl":{"start":{"line":16,"column":18},"end":{"line":16,"column":19}},"loc":{"start":{"line":16,"column":41},"end":{"line":21,"column":3}},"line":16},"2":{"name":"(anonymous_2)","decl":{"start":{"line":27,"column":15},"end":{"line":27,"column":16}},"loc":{"start":{"line":27,"column":35},"end":{"line":29,"column":1}},"line":27},"3":{"name":"(anonymous_3)","decl":{"start":{"line":34,"column":14},"end":{"line":34,"column":15}},"loc":{"start":{"line":34,"column":34},"end":{"line":44,"column":1}},"line":34},"4":{"name":"(anonymous_4)","decl":{"start":{"line":35,"column":54},"end":{"line":35,"column":55}},"loc":{"start":{"line":35,"column":78},"end":{"line":43,"column":3}},"line":35},"5":{"name":"(anonymous_5)","decl":{"start":{"line":49,"column":28},"end":{"line":49,"column":29}},"loc":{"start":{"line":49,"column":42},"end":{"line":57,"column":1}},"line":49},"6":{"name":"(anonymous_6)","decl":{"start":{"line":50,"column":54},"end":{"line":50,"column":55}},"loc":{"start":{"line":50,"column":78},"end":{"line":56,"column":3}},"line":50}},"branchMap":{"0":{"loc":{"start":{"line":17,"column":4},"end":{"line":17,"column":29}},"type":"if","locations":[{"start":{"line":17,"column":4},"end":{"line":17,"column":29}},{"start":{"line":17,"column":4},"end":{"line":17,"column":29}}],"line":17},"1":{"loc":{"start":{"line":18,"column":4},"end":{"line":18,"column":70}},"type":"if","locations":[{"start":{"line":18,"column":4},"end":{"line":18,"column":70}},{"start":{"line":18,"column":4},"end":{"line":18,"column":70}}],"line":18},"2":{"loc":{"start":{"line":36,"column":4},"end":{"line":42,"column":5}},"type":"if","locations":[{"start":{"line":36,"column":4},"end":{"line":42,"column":5}},{"start":{"line":36,"column":4},"end":{"line":42,"column":5}}],"line":36},"3":{"loc":{"start":{"line":51,"column":4},"end":{"line":55,"column":5}},"type":"if","locations":[{"start":{"line":51,"column":4},"end":{"line":55,"column":5}},{"start":{"line":51,"column":4},"end":{"line":55,"column":5}}],"line":51}},"s":{"0":1,"1":1,"2":1,"3":1,"4":1,"5":0,"6":0,"7":0,"8":0,"9":0,"10":0,"11":0,"12":1,"13":0,"14":1,"15":0,"16":0,"17":0,"18":0,"19":1,"20":0,"21":0,"22":0,"23":0},"f":{"0":0,"1":0,"2":0,"3":0,"4":0,"5":0,"6":0},"b":{"0":[0,0],"1":[0,0],"2":[0,0],"3":[0,0]},"_coverageSchema":"43e27e138ebf9cfc5966b082cf9a028302ed4184","hash":"b63ca258d1ab6f0315434bdb62110f9565f754fb","contentHash":"7168a827696ddb6b712b87d39a208a076184aebfb7200c1cfc114a1ede504469"},"/home/alien/Documents/oH/JS/cards-for-humanity/app/controllers/questions.js":{"path":"/home/alien/Documents/oH/JS/cards-for-humanity/app/controllers/questions.js","statementMap":{"0":{"start":{"line":4,"column":15},"end":{"line":4,"column":34}},"1":{"start":{"line":6,"column":12},"end":{"line":6,"column":28}},"2":{"start":{"line":8,"column":15},"end":{"line":8,"column":41}},"3":{"start":{"line":10,"column":8},"end":{"line":10,"column":29}},"4":{"start":{"line":15,"column":0},"end":{"line":22,"column":1}},"5":{"start":{"line":16,"column":2},"end":{"line":21,"column":4}},"6":{"start":{"line":17,"column":4},"end":{"line":17,"column":29}},"7":{"start":{"line":17,"column":13},"end":{"line":17,"column":29}},"8":{"start":{"line":18,"column":4},"end":{"line":18,"column":74}},"9":{"start":{"line":18,"column":19},"end":{"line":18,"column":74}},"10":{"start":{"line":19,"column":4},"end":{"line":19,"column":27}},"11":{"start":{"line":20,"column":4},"end":{"line":20,"column":10}},"12":{"start":{"line":27,"column":0},"end":{"line":29,"column":1}},"13":{"start":{"line":28,"column":2},"end":{"line":28,"column":25}},"14":{"start":{"line":34,"column":0},"end":{"line":44,"column":1}},"15":{"start":{"line":35,"column":2},"end":{"line":43,"column":4}},"16":{"start":{"line":36,"column":4},"end":{"line":42,"column":5}},"17":{"start":{"line":37,"column":6},"end":{"line":39,"column":8}},"18":{"start":{"line":41,"column":6},"end":{"line":41,"column":26}},"19":{"start":{"line":49,"column":0},"end":{"line":57,"column":1}},"20":{"start":{"line":50,"column":2},"end":{"line":56,"column":4}},"21":{"start":{"line":51,"column":4},"end":{"line":55,"column":5}},"22":{"start":{"line":52,"column":6},"end":{"line":52,"column":22}},"23":{"start":{"line":54,"column":6},"end":{"line":54,"column":19}}},"fnMap":{"0":{"name":"(anonymous_0)","decl":{"start":{"line":15,"column":19},"end":{"line":15,"column":20}},"loc":{"start":{"line":15,"column":49},"end":{"line":22,"column":1}},"line":15},"1":{"name":"(anonymous_1)","decl":{"start":{"line":16,"column":20},"end":{"line":16,"column":21}},"loc":{"start":{"line":16,"column":45},"end":{"line":21,"column":3}},"line":16},"2":{"name":"(anonymous_2)","decl":{"start":{"line":27,"column":15},"end":{"line":27,"column":16}},"loc":{"start":{"line":27,"column":35},"end":{"line":29,"column":1}},"line":27},"3":{"name":"(anonymous_3)","decl":{"start":{"line":34,"column":14},"end":{"line":34,"column":15}},"loc":{"start":{"line":34,"column":34},"end":{"line":44,"column":1}},"line":34},"4":{"name":"(anonymous_4)","decl":{"start":{"line":35,"column":80},"end":{"line":35,"column":81}},"loc":{"start":{"line":35,"column":106},"end":{"line":43,"column":3}},"line":35},"5":{"name":"(anonymous_5)","decl":{"start":{"line":49,"column":30},"end":{"line":49,"column":31}},"loc":{"start":{"line":49,"column":44},"end":{"line":57,"column":1}},"line":49},"6":{"name":"(anonymous_6)","decl":{"start":{"line":50,"column":80},"end":{"line":50,"column":81}},"loc":{"start":{"line":50,"column":106},"end":{"line":56,"column":3}},"line":50}},"branchMap":{"0":{"loc":{"start":{"line":17,"column":4},"end":{"line":17,"column":29}},"type":"if","locations":[{"start":{"line":17,"column":4},"end":{"line":17,"column":29}},{"start":{"line":17,"column":4},"end":{"line":17,"column":29}}],"line":17},"1":{"loc":{"start":{"line":18,"column":4},"end":{"line":18,"column":74}},"type":"if","locations":[{"start":{"line":18,"column":4},"end":{"line":18,"column":74}},{"start":{"line":18,"column":4},"end":{"line":18,"column":74}}],"line":18},"2":{"loc":{"start":{"line":36,"column":4},"end":{"line":42,"column":5}},"type":"if","locations":[{"start":{"line":36,"column":4},"end":{"line":42,"column":5}},{"start":{"line":36,"column":4},"end":{"line":42,"column":5}}],"line":36},"3":{"loc":{"start":{"line":51,"column":4},"end":{"line":55,"column":5}},"type":"if","locations":[{"start":{"line":51,"column":4},"end":{"line":55,"column":5}},{"start":{"line":51,"column":4},"end":{"line":55,"column":5}}],"line":51}},"s":{"0":1,"1":1,"2":1,"3":1,"4":1,"5":0,"6":0,"7":0,"8":0,"9":0,"10":0,"11":0,"12":1,"13":0,"14":1,"15":0,"16":0,"17":0,"18":0,"19":1,"20":0,"21":0,"22":0,"23":0},"f":{"0":0,"1":0,"2":0,"3":0,"4":0,"5":0,"6":0},"b":{"0":[0,0],"1":[0,0],"2":[0,0],"3":[0,0]},"_coverageSchema":"43e27e138ebf9cfc5966b082cf9a028302ed4184","hash":"dbb338cdd011d01f4e7a6e2ca75778fad6a5c16f","contentHash":"2366c20157d6b77e84b7981ca84d413f63d4e3eda635d43638e025b8a78a81d0"},"/home/alien/Documents/oH/JS/cards-for-humanity/app/controllers/index.js":{"path":"/home/alien/Documents/oH/JS/cards-for-humanity/app/controllers/index.js","statementMap":{"0":{"start":{"line":4,"column":15},"end":{"line":4,"column":34}},"1":{"start":{"line":6,"column":12},"end":{"line":6,"column":28}},"2":{"start":{"line":8,"column":8},"end":{"line":8,"column":29}},"3":{"start":{"line":13,"column":0},"end":{"line":19,"column":1}},"4":{"start":{"line":14,"column":2},"end":{"line":18,"column":3}},"5":{"start":{"line":15,"column":4},"end":{"line":15,"column":34}},"6":{"start":{"line":17,"column":4},"end":{"line":17,"column":27}},"7":{"start":{"line":21,"column":0},"end":{"line":25,"column":1}},"8":{"start":{"line":22,"column":2},"end":{"line":24,"column":4}}},"fnMap":{"0":{"name":"(anonymous_0)","decl":{"start":{"line":13,"column":15},"end":{"line":13,"column":16}},"loc":{"start":{"line":13,"column":35},"end":{"line":19,"column":1}},"line":13},"1":{"name":"(anonymous_1)","decl":{"start":{"line":21,"column":17},"end":{"line":21,"column":18}},"loc":{"start":{"line":21,"column":37},"end":{"line":25,"column":1}},"line":21}},"branchMap":{"0":{"loc":{"start":{"line":14,"column":2},"end":{"line":18,"column":3}},"type":"if","locations":[{"start":{"line":14,"column":2},"end":{"line":18,"column":3}},{"start":{"line":14,"column":2},"end":{"line":18,"column":3}}],"line":14},"1":{"loc":{"start":{"line":23,"column":10},"end":{"line":23,"column":54}},"type":"cond-expr","locations":[{"start":{"line":23,"column":21},"end":{"line":23,"column":45}},{"start":{"line":23,"column":48},"end":{"line":23,"column":54}}],"line":23}},"s":{"0":1,"1":1,"2":1,"3":1,"4":0,"5":0,"6":0,"7":1,"8":0},"f":{"0":0,"1":0},"b":{"0":[0,0],"1":[0,0]},"_coverageSchema":"43e27e138ebf9cfc5966b082cf9a028302ed4184","hash":"c5e626b46621628daf1c9776af65f71b5048470b","contentHash":"d6ca7b822cce7114fa92127c18392e0b1bc2a517e38f7715842cbaec49e0c8ee"},"/home/alien/Documents/oH/JS/cards-for-humanity/config/express.js":{"path":"/home/alien/Documents/oH/JS/cards-for-humanity/config/express.js","statementMap":{"0":{"start":{"line":4,"column":14},"end":{"line":4,"column":37}},"1":{"start":{"line":5,"column":13},"end":{"line":5,"column":32}},"2":{"start":{"line":7,"column":0},"end":{"line":48,"column":1}},"3":{"start":{"line":8,"column":2},"end":{"line":8,"column":33}},"4":{"start":{"line":13,"column":2},"end":{"line":13,"column":46}},"5":{"start":{"line":14,"column":2},"end":{"line":14,"column":32}},"6":{"start":{"line":17,"column":2},"end":{"line":17,"column":30}},"7":{"start":{"line":20,"column":2},"end":{"line":20,"column":35}},"8":{"start":{"line":23,"column":2},"end":{"line":23,"column":29}},"9":{"start":{"line":28,"column":2},"end":{"line":39,"column":4}},"10":{"start":{"line":30,"column":4},"end":{"line":30,"column":56}},"11":{"start":{"line":30,"column":43},"end":{"line":30,"column":56}},"12":{"start":{"line":33,"column":4},"end":{"line":33,"column":28}},"13":{"start":{"line":36,"column":4},"end":{"line":38,"column":6}},"14":{"start":{"line":42,"column":2},"end":{"line":47,"column":4}},"15":{"start":{"line":43,"column":4},"end":{"line":46,"column":6}}},"fnMap":{"0":{"name":"(anonymous_0)","decl":{"start":{"line":7,"column":17},"end":{"line":7,"column":18}},"loc":{"start":{"line":7,"column":52},"end":{"line":48,"column":1}},"line":7},"1":{"name":"(anonymous_1)","decl":{"start":{"line":28,"column":10},"end":{"line":28,"column":11}},"loc":{"start":{"line":28,"column":41},"end":{"line":39,"column":3}},"line":28},"2":{"name":"(anonymous_2)","decl":{"start":{"line":42,"column":10},"end":{"line":42,"column":11}},"loc":{"start":{"line":42,"column":36},"end":{"line":47,"column":3}},"line":42}},"branchMap":{"0":{"loc":{"start":{"line":30,"column":4},"end":{"line":30,"column":56}},"type":"if","locations":[{"start":{"line":30,"column":4},"end":{"line":30,"column":56}},{"start":{"line":30,"column":4},"end":{"line":30,"column":56}}],"line":30}},"s":{"0":1,"1":1,"2":1,"3":1,"4":1,"5":1,"6":1,"7":1,"8":1,"9":1,"10":0,"11":0,"12":0,"13":0,"14":1,"15":0},"f":{"0":1,"1":0,"2":0},"b":{"0":[0,0]},"_coverageSchema":"43e27e138ebf9cfc5966b082cf9a028302ed4184","hash":"a9c3a611f5d2944618c5f125baa356c7f16e68af","contentHash":"1185ca54fed8be99ced8ecb96b0190fe31fbf80e3c770da2b21859d525c921df"},"/home/alien/Documents/oH/JS/cards-for-humanity/config/socket/socket.js":{"path":"/home/alien/Documents/oH/JS/cards-for-humanity/config/socket/socket.js","statementMap":{"0":{"start":{"line":1,"column":11},"end":{"line":1,"column":28}},"1":{"start":{"line":2,"column":13},"end":{"line":2,"column":32}},"2":{"start":{"lin
[...]
":{"line":403,"column":6},"end":{"line":403,"column":34}},"213":{"start":{"line":404,"column":24},"end":{"line":404,"column":83}},"214":{"start":{"line":405,"column":6},"end":{"line":405,"column":87}},"215":{"start":{"line":406,"column":6},"end":{"line":406,"column":42}},"216":{"start":{"line":407,"column":6},"end":{"line":407,"column":40}},"217":{"start":{"line":408,"column":6},"end":{"line":408,"column":39}},"218":{"start":{"line":409,"column":6},"end":{"line":409,"column":40}},"219":{"start":{"line":410,"column":6},"end":{"line":410,"column":29}},"220":{"start":{"line":412,"column":6},"end":{"line":412,"column":90}},"221":{"start":{"line":416,"column":4},"end":{"line":416,"column":21}},"222":{"start":{"line":420,"column":0},"end":{"line":425,"column":1}},"223":{"start":{"line":421,"column":2},"end":{"line":421,"column":42}},"224":{"start":{"line":422,"column":2},"end":{"line":422,"column":35}},"225":{"start":{"line":423,"column":2},"end":{"line":423,"column":36}},"226":{"start":{"line":424,"column":2},"end":{"line":424,"column":35}},"227":{"start":{"line":427,"column":0},"end":{"line":427,"column":21}}},"fnMap":{"0":{"name":"Game","decl":{"start":{"line":20,"column":9},"end":{"line":20,"column":13}},"loc":{"start":{"line":20,"column":27},"end":{"line":52,"column":1}},"line":20},"1":{"name":"(anonymous_1)","decl":{"start":{"line":54,"column":25},"end":{"line":54,"column":26}},"loc":{"start":{"line":54,"column":37},"end":{"line":81,"column":1}},"line":54},"2":{"name":"(anonymous_2)","decl":{"start":{"line":56,"column":23},"end":{"line":56,"column":24}},"loc":{"start":{"line":56,"column":48},"end":{"line":66,"column":3}},"line":56},"3":{"name":"(anonymous_3)","decl":{"start":{"line":83,"column":34},"end":{"line":83,"column":35}},"loc":{"start":{"line":83,"column":49},"end":{"line":85,"column":1}},"line":83},"4":{"name":"(anonymous_4)","decl":{"start":{"line":89,"column":36},"end":{"line":89,"column":37}},"loc":{"start":{"line":89,"column":48},"end":{"line":93,"column":1}},"line":89},"5":{"name":"(anonymous_5)","decl":{"start":{"line":90,"column":23},"end":{"line":90,"column":24}},"loc":{"start":{"line":90,"column":48},"end":{"line":92,"column":3}},"line":90},"6":{"name":"(anonymous_6)","decl":{"start":{"line":95,"column":34},"end":{"line":95,"column":35}},"loc":{"start":{"line":95,"column":46},"end":{"line":106,"column":1}},"line":95},"7":{"name":"(anonymous_7)","decl":{"start":{"line":97,"column":23},"end":{"line":97,"column":24}},"loc":{"start":{"line":97,"column":41},"end":{"line":105,"column":3}},"line":97},"8":{"name":"(anonymous_8)","decl":{"start":{"line":108,"column":29},"end":{"line":108,"column":30}},"loc":{"start":{"line":108,"column":41},"end":{"line":133,"column":1}},"line":108},"9":{"name":"(anonymous_9)","decl":{"start":{"line":124,"column":2},"end":{"line":124,"column":3}},"loc":{"start":{"line":124,"column":26},"end":{"line":132,"column":3}},"line":124},"10":{"name":"(anonymous_10)","decl":{"start":{"line":135,"column":27},"end":{"line":135,"column":28}},"loc":{"start":{"line":135,"column":39},"end":{"line":140,"column":1}},"line":135},"11":{"name":"(anonymous_11)","decl":{"start":{"line":142,"column":28},"end":{"line":142,"column":29}},"loc":{"start":{"line":142,"column":40},"end":{"line":144,"column":1}},"line":142},"12":{"name":"(anonymous_12)","decl":{"start":{"line":146,"column":31},"end":{"line":146,"column":32}},"loc":{"start":{"line":146,"column":47},"end":{"line":172,"column":1}},"line":146},"13":{"name":"(anonymous_13)","decl":{"start":{"line":155,"column":22},"end":{"line":155,"column":23}},"loc":{"start":{"line":155,"column":43},"end":{"line":157,"column":5}},"line":155},"14":{"name":"(anonymous_14)","decl":{"start":{"line":169,"column":36},"end":{"line":169,"column":37}},"loc":{"start":{"line":169,"column":48},"end":{"line":171,"column":3}},"line":169},"15":{"name":"(anonymous_15)","decl":{"start":{"line":174,"column":29},"end":{"line":174,"column":30}},"loc":{"start":{"line":174,"column":41},"end":{"line":186,"column":1}},"line":174},"16":{"name":"(anonymous_16)","decl":{"start":{"line":188,"column":30},"end":{"line":188,"column":31}},"loc":{"start":{"line":188,"column":46},"end":{"line":202,"column":1}},"line":188},"17":{"name":"(anonymous_17)","decl":{"start":{"line":197,"column":37},"end":{"line":197,"column":38}},"loc":{"start":{"line":197,"column":49},"end":{"line":200,"column":5}},"line":197},"18":{"name":"(anonymous_18)","decl":{"start":{"line":204,"column":30},"end":{"line":204,"column":31}},"loc":{"start":{"line":204,"column":46},"end":{"line":222,"column":1}},"line":204},"19":{"name":"(anonymous_19)","decl":{"start":{"line":215,"column":35},"end":{"line":215,"column":36}},"loc":{"start":{"line":215,"column":47},"end":{"line":221,"column":3}},"line":215},"20":{"name":"(anonymous_20)","decl":{"start":{"line":224,"column":30},"end":{"line":224,"column":31}},"loc":{"start":{"line":224,"column":48},"end":{"line":228,"column":1}},"line":224},"21":{"name":"(anonymous_21)","decl":{"start":{"line":230,"column":35},"end":{"line":230,"column":36}},"loc":{"start":{"line":230,"column":47},"end":{"line":233,"column":1}},"line":230},"22":{"name":"(anonymous_22)","decl":{"start":{"line":235,"column":30},"end":{"line":235,"column":31}},"loc":{"start":{"line":235,"column":44},"end":{"line":239,"column":1}},"line":235},"23":{"name":"(anonymous_23)","decl":{"start":{"line":236,"column":32},"end":{"line":236,"column":33}},"loc":{"start":{"line":236,"column":48},"end":{"line":238,"column":3}},"line":236},"24":{"name":"(anonymous_24)","decl":{"start":{"line":241,"column":28},"end":{"line":241,"column":29}},"loc":{"start":{"line":241,"column":42},"end":{"line":245,"column":1}},"line":241},"25":{"name":"(anonymous_25)","decl":{"start":{"line":242,"column":28},"end":{"line":242,"column":29}},"loc":{"start":{"line":242,"column":44},"end":{"line":244,"column":3}},"line":242},"26":{"name":"(anonymous_26)","decl":{"start":{"line":247,"column":30},"end":{"line":247,"column":31}},"loc":{"start":{"line":247,"column":47},"end":{"line":260,"column":1}},"line":247},"27":{"name":"(anonymous_27)","decl":{"start":{"line":262,"column":29},"end":{"line":262,"column":30}},"loc":{"start":{"line":262,"column":51},"end":{"line":275,"column":1}},"line":262},"28":{"name":"(anonymous_28)","decl":{"start":{"line":264,"column":21},"end":{"line":264,"column":22}},"loc":{"start":{"line":264,"column":42},"end":{"line":266,"column":3}},"line":264},"29":{"name":"(anonymous_29)","decl":{"start":{"line":277,"column":42},"end":{"line":277,"column":43}},"loc":{"start":{"line":277,"column":64},"end":{"line":285,"column":1}},"line":277},"30":{"name":"(anonymous_30)","decl":{"start":{"line":279,"column":23},"end":{"line":279,"column":24}},"loc":{"start":{"line":279,"column":48},"end":{"line":283,"column":3}},"line":279},"31":{"name":"(anonymous_31)","decl":{"start":{"line":287,"column":27},"end":{"line":287,"column":28}},"loc":{"start":{"line":287,"column":64},"end":{"line":335,"column":1}},"line":287},"32":{"name":"(anonymous_32)","decl":{"start":{"line":296,"column":25},"end":{"line":296,"column":26}},"loc":{"start":{"line":296,"column":53},"end":{"line":300,"column":7}},"line":296},"33":{"name":"(anonymous_33)","decl":{"start":{"line":337,"column":27},"end":{"line":337,"column":28}},"loc":{"start":{"line":337,"column":49},"end":{"line":344,"column":1}},"line":337},"34":{"name":"(anonymous_34)","decl":{"start":{"line":346,"column":30},"end":{"line":346,"column":31}},"loc":{"start":{"line":346,"column":52},"end":{"line":390,"column":1}},"line":346},"35":{"name":"(anonymous_35)","decl":{"start":{"line":392,"column":29},"end":{"line":392,"column":30}},"loc":{"start":{"line":392,"column":73},"end":{"line":418,"column":1}},"line":392},"36":{"name":"(anonymous_36)","decl":{"start":{"line":397,"column":23},"end":{"line":397,"column":24}},"loc":{"start":{"line":397,"column":52},"end":{"line":401,"column":5}},"line":397},"37":{"name":"(anonymous_37)","decl":{"start":{"line":420,"column":26},"end":{"line":420,"column":27}},"loc":{"start":{"line":420,"column":38},"end":{"line":425,"column":1}},"line":420}},"branchMap":{"0":{"loc":{"start":{"line":98,"column":4},"end":{"line":104,"column":5}},"type":"if","locations":[{"start":{"line":98,"column":4},"end":{"line":104,"column":5}},{"start":{"line":98,"column":4},"end":{"line":104,"column":5}}],"line":98},"1":{"loc":{"start":{"line":101,"column":6},"end":{"line":103,"column":7}},"type":"if","locations":[{"start":{"line":101,"column":6},"end":{"line":103,"column":7}},{"start":{"line":101,"column":6},"end":{"line":103,"column":7}}],"line":101},"2":{"loc":{"start":{"line":125,"column":4},"end":{"line":127,"column":5}},"type":"if","locations":[{"start":{"line":125,"column":4},"end":{"line":127,"column":5}},{"start":{"line":125,"column":4},"end":{"line":127,"column":5}}],"line":125},"3":{"loc":{"start":{"line":154,"column":2},"end":{"line":158,"column":3}},"type":"if","locations":[{"start":{"line":154,"column":2},"end":{"line":158,"column":3}},{"start":{"line":154,"column":2},"end":{"line":158,"column":3}}],"line":154},"4":{"loc":{"start":{"line":162,"column":2},"end":{"line":166,"column":3}},"type":"if","locations":[{"start":{"line":162,"column":2},"end":{"line":166,"column":3}},{"start":{"line":162,"column":2},"end":{"line":166,"column":3}}],"line":162},"5":{"loc":{"start":{"line":175,"column":2},"end":{"line":185,"column":3}},"type":"if","locations":[{"start":{"line":175,"column":2},"end":{"line":185,"column":3}},{"start":{"line":175,"column":2},"end":{"line":185,"column":3}}],"line":175},"6":{"loc":{"start":{"line":192,"column":2},"end":{"line":201,"column":3}},"type":"if","locations":[{"start":{"line":192,"column":2},"end":{"line":201,"column":3}},{"start":{"line":192,"column":2},"end":{"line":201,"column":3}}],"line":192},"7":{"loc":{"start":{"line":210,"column":4},"end":{"line":212,"column":5}},"type":"if","locations":[{"start":{"line":210,"column":4},"end":{"line":212,"column":5}},{"start":{"line":210,"column":4},"end":{"line":212,"column":5}}],"line":210},"8":{"loc":{"start":{"line":216,"column":4},"end":{"line":220,"column":5}},"type":"if","locations":[{"start":{"line":216,"column":4},"end":{"line":220,"column":5}},{"start":{"line":216,"column":4},"end":{"line":220,"column":5}}],"line":216},"9":{"loc":{"start":{"line":263,"column":15},"end":{"line":263,"column":31}},"type":"binary-expr","locations":[{"start":{"line":263,"column":15},"end":{"line":263,"column":25}},{"start":{"line":263,"column":29},"end":{"line":263,"column":31}}],"line":263},"10":{"loc":{"start":{"line":270,"column":6},"end":{"line":272,"column":7}},"type":"if","locations":[{"start":{"line":270,"column":6},"end":{"line":272,"column":7}},{"start":{"line":270,"column":6},"end":{"line":272,"column":7}}],"line":270},"11":{"loc":{"start":{"line":280,"column":4},"end":{"line":282,"column":5}},"type":"if","locations":[{"start":{"line":280,"column":4},"end":{"line":282,"column":5}},{"start":{"line":280,"column":4},"end":{"line":282,"column":5}}],"line":280},"12":{"loc":{"start":{"line":289,"column":2},"end":{"line":334,"column":3}},"type":"if","locations":[{"start":{"line":289,"column":2},"end":{"line":334,"column":3}},{"start":{"line":289,"column":2},"end":{"line":334,"column":3}}],"line":289},"13":{"loc":{"start":{"line":293,"column":4},"end":{"line":331,"column":5}},"type":"if","locations":[{"start":{"line":293,"column":4},"end":{"line":331,"column":5}},{"start":{"line":293,"column":4},"end":{"line":331,"column":5}}],"line":293},"14":{"loc":{"start":{"line":297,"column":8},"end":{"line":299,"column":9}},"type":"if","locations":[{"start":{"line":297,"column":8},"end":{"line":299,"column":9}},{"start":{"line":297,"column":8},"end":{"line":299,"column":9}}],"line":297},"15":{"loc":{"start":{"line":301,"column":6},"end":{"line":330,"column":7}},"type":"if","locations":[{"start":{"line":301,"column":6},"end":{"line":330,"column":7}},{"start":{"line":301,"column":6},"end":{"line":330,"column":7}}],"line":301},"16":{"loc":{"start":{"line":307,"column":12},"end":{"line":309,"column":13}},"type":"if","locations":[{"start":{"line":307,"column":12},"end":{"line":309,"column":13}},{"start":{"line":307,"column":12},"end":{"line":309,"column":13}}],"line":307},"17":{"loc":{"start":{"line":312,"column":10},"end":{"line":314,"column":11}},"type":"if","locations":[{"start":{"line":312,"column":10},"end":{"line":314,"column":11}},{"start":{"line":312,"column":10},"end":{"line":314,"column":11}}],"line":312},"18":{"loc":{"start":{"line":317,"column":8},"end":{"line":322,"column":9}},"type":"if","locations":[{"start":{"line":317,"column":8},"end":{"line":322,"column":9}},{"start":{"line":317,"column":8},"end":{"line":322,"column":9}}],"line":317},"19":{"loc":{"start":{"line":324,"column":8},"end":{"line":329,"column":9}},"type":"if","locations":[{"start":{"line":324,"column":8},"end":{"line":329,"column":9}},{"start":{"line":324,"column":8},"end":{"line":329,"column":9}}],"line":324},"20":{"loc":{"start":{"line":339,"column":2},"end":{"line":343,"column":3}},"type":"if","locations":[{"start":{"line":339,"column":2},"end":{"line":343,"column":3}},{"start":{"line":339,"column":2},"end":{"line":343,"column":3}}],"line":339},"21":{"loc":{"start":{"line":349,"column":2},"end":{"line":389,"column":3}},"type":"if","locations":[{"start":{"line":349,"column":2},"end":{"line":389,"column":3}},{"start":{"line":349,"column":2},"end":{"line":389,"column":3}}],"line":349},"22":{"loc":{"start":{"line":355,"column":6},"end":{"line":357,"column":7}},"type":"if","locations":[{"start":{"line":355,"column":6},"end":{"line":357,"column":7}},{"start":{"line":355,"column":6},"end":{"line":357,"column":7}}],"line":355},"23":{"loc":{"start":{"line":363,"column":4},"end":{"line":365,"column":5}},"type":"if","locations":[{"start":{"line":363,"column":4},"end":{"line":365,"column":5}},{"start":{"line":363,"column":4},"end":{"line":365,"column":5}}],"line":363},"24":{"loc":{"start":{"line":368,"column":4},"end":{"line":386,"column":5}},"type":"if","locations":[{"start":{"line":368,"column":4},"end":{"line":386,"column":5}},{"start":{"line":368,"column":4},"end":{"line":386,"column":5}}],"line":368},"25":{"loc":{"start":{"line":371,"column":6},"end":{"line":379,"column":7}},"type":"if","locations":[{"start":{"line":371,"column":6},"end":{"line":379,"column":7}},{"start":{"line":371,"column":6},"end":{"line":379,"column":7}}],"line":371},"26":{"loc":{"start":{"line":375,"column":13},"end":{"line":379,"column":7}},"type":"if","locations":[{"start":{"line":375,"column":13},"end":{"line":379,"column":7}},{"start":{"line":375,"column":13},"end":{"line":379,"column":7}}],"line":375},"27":{"loc":{"start":{"line":382,"column":6},"end":{"line":384,"column":7}},"type":"if","locations":[{"start":{"line":382,"column":6},"end":{"line":384,"column":7}},{"start":{"line":382,"column":6},"end":{"line":384,"column":7}}],"line":382},"28":{"loc":{"start":{"line":393,"column":15},"end":{"line":393,"column":34}},"type":"binary-expr","locations":[{"start":{"line":393,"column":15},"end":{"line":393,"column":25}},{"start":{"line":393,"column":29},"end":{"line":393,"column":34}}],"line":393},"29":{"loc":{"start":{"line":395,"column":2},"end":{"line":417,"column":3}},"type":"if","locations":[{"start":{"line":395,"column":2},"end":{"line":417,"column":3}},{"start":{"line":395,"column":2},"end":{"line":417,"column":3}}],"line":395},"30":{"loc":{"start":{"line":395,"column":6},"end":{"line":395,"column":94}},"type":"binary-expr","locations":[{"start":{"line":395,"column":7},"end":{"line":395,"column":32}},{"start":{"line":395,"column":36},"end":{"line":395,"column":46}},{"start":{"line":395,"column":51},"end":{"line":395,"column":94}}],"line":395},"31":{"loc":{"start":{"line":398,"column":6},"end":{"line":400,"column":7}},"type":"if","locations":[{"start":{"line":398,"column":6},"end":{"line":400,"column":7}},{"start":{"line":398,"column":6},"end":{"line":400,"column":7}}],"line":398},"32":{"loc":{"start":{"line":402,"column":4},"end":{"line":413,"column":5}},"type":"if","locations":[{"start":{"line":402,"column":4},"end":{"line":413,"column":5}},{"start":{"line":402,"column":4},"end":{"line":413,"column":5}}],"line":402}},"s":{"0":1,"1":1,"2":1,"3":1,"4":1,"5":0,"6":0,"7":0,"8":0,"9":0,"10":0,"11":0,"12":0,"13":0,"14":0,"15":0,"16":0,"17":0,"18":0,"19":0,"20":0,"21":0,"22":0,"23":0,"24":0,"25":0,"26":1,"27":0,"28":0,"29":0,"30":0,"31":1,"32":0,"33":1,"34":0,"35":0,"36":1,"37":0,"38":0,"39":0,"40":0,"41":0,"42":0,"43":0,"44":1,"45":0,"46":0,"47":0,"48":0,"49":0,"50":0,"51":0,"52":0,"53":0,"54":1,"55":0,"56":0,"57":0,"58":0,"59":1,"60":0,"61":1,"62":0,"63":0,"64":0,"65":0,"66":0,"67":0,"68":0,"69":0,"70":0,"71":0,"72":0,"73":0,"74":0,"75":0,"76":0,"77":0,"78":0,"79":1,"80":0,"81":0,"82":0,"83":0,"84":0,"85":0,"86":0,"87":0,"88":1,"89":0,"90":0,"91":0,"92":0,"93":0,"94":0,"95":1,"96":0,"97":0,"98":0,"99":0,"100":0,"101":0,"102":0,"103":0,"104":0,"105":0,"106":0,"107":0,"108":1,"109":0,"110":0,"111":0,"112":1,"113":0,"114":0,"115":1,"116":0,"117":0,"118":1,"119":0,"120":0,"121":1,"122":0,"123":0,"124":0,"125":0,"126":0,"127":0,"128":0,"129":1,"130":0,"131":0,"132":0,"133":0,"134":0,"135":0,"136":0,"137":0,"138":0,"139":1,"140":0,"141":0,"142":0,"143":0,"144":0,"145":1,"146":0,"147":0,"148":0,"149":0,"150":0,"151":0,"152":0,"153":0,"154":0,"155":0,"156":0,"157":0,"158":0,"159":0,"160":0,"161":0,"162":0,"163":0,"164":0,"165":0,"166":0,"167":0,"168":0,"169":0,"170":0,"171":0,"172":0,"173":0,"174":0,"175":1,"176":0,"177":0,"178":0,"179":0,"180":1,"181":0,"182":0,"183":0,"184":0,"185":0,"186":0,"187":0,"188":0,"189":0,"190":0,"191":0,"192":0,"193":0,"194":0,"195":0,"196":0,"197":0,"198":0,"199":0,"200":0,"201":0,"202":0,"203":1,"204":0,"205":0,"206":0,"207":0,"208":0,"209":0,"210":0,"211":0,"212":0,"213":0,"214":0,"215":0,"216":0,"217":0,"218":0,"219":0,"220":0,"221":0,"222":1,"223":0,"224":0,"225":0,"226":0,"227":1},"f":{"0":0,"1":0,"2":0,"3":0,"4":0,"5":0,"6":0,"7":0,"8":0,"9":0,"10":0,"11":0,"12":0,"13":0,"14":0,"15":0,"16":0,"17":0,"18":0,"19":0,"20":0,"21":0,"22":0,"23":0,"24":0,"25":0,"26":0,"27":0,"28":0,"29":0,"30":0,"31":0,"32":0,"33":0,"34":0,"35":0,"36":0,"37":0},"b":{"0":[0,0],"1":[0,0],"2":[0,0],"3":[0,0],"4":[0,0],"5":[0,0],"6":[0,0],"7":[0,0],"8":[0,0],"9":[0,0],"10":[0,0],"11":[0,0],"12":[0,0],"13":[0,0],"14":[0,0],"15":[0,0],"16":[0,0],"17":[0,0],"18":[0,0],"19":[0,0],"20":[0,0],"21":[0,0],"22":[0,0],"23":[0,0],"24":[0,0],"25":[0,0],"26":[0,0],"27":[0,0],"28":[0,0],"29":[0,0],"30":[0,0,0],"31":[0,0],"32":[0,0]},"_coverageSchema":"43e27e138ebf9cfc5966b082cf9a028302ed4184","hash":"a0fe62be03645a00220b591c71574731dff17a46","contentHash":"884c0c5c9f8ed4277fc3f6177b3c2623ceccf6b1bd662a6d01ae7d125bad88e0"},"/home/alien/Documents/oH/JS/cards-for-humanity/config/socket/player.js":{"path":"/home/alien/Documents/oH/JS/cards-for-humanity/config/socket/player.js","statementMap":{"0":{"start":{"line":2,"column":2},"end":{"line":2,"column":22}},"1":{"start":{"line":3,"column":2},"end":{"line":3,"column":16}},"2":{"start":{"line":4,"column":2},"end":{"line":4,"column":17}},"3":{"start":{"line":5,"column":2},"end":{"line":5,"column":22}},"4":{"start":{"line":6,"column":2},"end":{"line":6,"column":18}},"5":{"start":{"line":7,"column":2},"end":{"line":7,"column":20}},"6":{"start":{"line":8,"column":2},"end":{"line":8,"column":20}},"7":{"start":{"line":9,"column":2},"end":{"line":9,"column":19}},"8":{"start":{"line":12,"column":0},"end":{"line":12,"column":23}}},"fnMap":{"0":{"name":"Player","decl":{"start":{"line":1,"column":9},"end":{"line":1,"column":15}},"loc":{"start":{"line":1,"column":25},"end":{"line":10,"column":1}},"line":1}},"branchMap":{},"s":{"0":0,"1":0,"2":0,"3":0,"4":0,"5":0,"6":0,"7":0,"8":1},"f":{"0":0},"b":{},"_coverageSchema":"43e27e138ebf9cfc5966b082cf9a028302ed4184","hash":"b1cbd8d912fe774dd047e53f592831fcd19a5ddb","contentHash":"e042c15a9e70812572acfb12bf3ea22430291f0593ea369195188f72adbcaba9"}}