TN:
SF:/home/alien/Documents/oH/JS/cards-for-humanity/gruntfile.js
FN:1,(anonymous_0)
FNF:1
FNH:1
FNDA:1,(anonymous_0)
DA:1,1
DA:3,1
DA:93,1
DA:94,1
DA:95,1
DA:96,1
DA:97,1
DA:98,1
DA:99,1
DA:102,1
DA:105,1
DA:108,1
DA:111,1
LF:13
LH:13
BRF:0
BRH:0
end_of_record
TN:
SF:/home/alien/Documents/oH/JS/cards-for-humanity/server.js
FN:34,(anonymous_0)
FN:35,(anonymous_1)
FN:45,(anonymous_2)
FN:46,(anonymous_3)
FNF:4
FNH:4
FNDA:1,(anonymous_0)
FNDA:1,(anonymous_1)
FNDA:1,(anonymous_2)
FNDA:3,(anonymous_3)
DA:4,1
DA:6,1
DA:7,1
DA:9,1
DA:11,1
DA:20,1
DA:21,1
DA:22,1
DA:24,1
DA:26,1
DA:31,1
DA:33,1
DA:35,1
DA:36,1
DA:37,0
DA:44,1
DA:45,1
DA:46,1
DA:47,3
DA:48,3
DA:49,3
DA:50,3
DA:51,3
DA:53,0
DA:54,0
DA:58,1
DA:61,1
DA:63,1
DA:68,1
DA:69,1
DA:70,1
DA:71,1
DA:72,1
DA:74,1
DA:75,1
DA:76,1
DA:78,1
DA:79,1
DA:84,1
LF:39
LH:36
BRDA:20,0,0,1
BRDA:20,0,1,1
BRDA:36,1,0,0
BRDA:36,1,1,1
BRDA:49,2,0,3
BRDA:49,2,1,0
BRDA:50,3,0,3
BRDA:50,3,1,0
BRDA:53,4,0,0
BRDA:53,4,1,0
BRF:10
BRH:5
end_of_record
TN:
SF:/home/alien/Documents/oH/JS/cards-for-humanity/app/controllers/answers.js
FN:15,(anonymous_0)
FN:16,(anonymous_1)
FN:27,(anonymous_2)
FN:34,(anonymous_3)
FN:35,(anonymous_4)
FN:49,(anonymous_5)
FN:50,(anonymous_6)
FNF:7
FNH:0
FNDA:0,(anonymous_0)
FNDA:0,(anonymous_1)
FNDA:0,(anonymous_2)
FNDA:0,(anonymous_3)
FNDA:0,(anonymous_4)
FNDA:0,(anonymous_5)
FNDA:0,(anonymous_6)
DA:4,1
DA:6,1
DA:8,1
DA:10,1
DA:15,1
DA:16,0
DA:17,0
DA:18,0
DA:19,0
DA:20,0
DA:27,1
DA:28,0
DA:34,1
DA:35,0
DA:36,0
DA:37,0
DA:41,0
DA:49,1
DA:50,0
DA:51,0
DA:52,0
DA:54,0
LF:22
LH:8
BRDA:17,0,0,0
BRDA:17,0,1,0
BRDA:18,1,0,0
BRDA:18,1,1,0
BRDA:36,2,0,0
BRDA:36,2,1,0
BRDA:51,3,0,0
BRDA:51,3,1,0
BRF:8
BRH:0
end_of_record
TN:
SF:/home/alien/Documents/oH/JS/cards-for-humanity/app/controllers/avatars.js
FN:21,(anonymous_0)
FN:27,(anonymous_1)
FNF:2
FNH:1
FNDA:0,(anonymous_0)
FNDA:2,(anonymous_1)
DA:4,1
DA:21,1
DA:24,0
DA:27,1
DA:28,2
LF:5
LH:4
BRF:0
BRH:0
end_of_record
TN:
SF:/home/alien/Documents/oH/JS/cards-for-humanity/app/controllers/index.js
FN:13,(anonymous_0)
FN:21,(anonymous_1)
FNF:2
FNH:0
FNDA:0,(anonymous_0)
FNDA:0,(anonymous_1)
DA:4,1
DA:6,1
DA:8,1
DA:13,1
DA:14,0
DA:15,0
DA:17,0
DA:21,1
DA:22,0
LF:9
LH:5
BRDA:14,0,0,0
BRDA:14,0,1,0
BRDA:23,1,0,0
BRDA:23,1,1,0
BRF:4
BRH:0
end_of_record
TN:
SF:/home/alien/Documents/oH/JS/cards-for-humanity/app/controllers/questions.js
FN:15,(anonymous_0)
FN:16,(anonymous_1)
FN:27,(anonymous_2)
FN:34,(anonymous_3)
FN:35,(anonymous_4)
FN:49,(anonymous_5)
FN:50,(anonymous_6)
FNF:7
FNH:0
FNDA:0,(anonymous_0)
FNDA:0,(anonymous_1)
FNDA:0,(anonymous_2)
FNDA:0,(anonymous_3)
FNDA:0,(anonymous_4)
FNDA:0,(anonymous_5)
FNDA:0,(anonymous_6)
DA:4,1
DA:6,1
DA:8,1
DA:10,1
DA:15,1
DA:16,0
DA:17,0
DA:18,0
DA:19,0
DA:20,0
DA:27,1
DA:28,0
DA:34,1
DA:35,0
DA:36,0
DA:37,0
DA:41,0
DA:49,1
DA:50,0
DA:51,0
DA:52,0
DA:54,0
LF:22
LH:8
BRDA:17,0,0,0
BRDA:17,0,1,0
BRDA:18,1,0,0
BRDA:18,1,1,0
BRDA:36,2,0,0
BRDA:36,2,1,0
BRDA:51,3,0,0
BRDA:51,3,1,0
BRF:8
BRH:0
end_of_record
TN:
SF:/home/alien/Documents/oH/JS/cards-for-humanity/app/controllers/users.js
FN:12,(anonymous_0)
FN:19,(anonymous_1)
FN:30,(anonymous_2)
FN:41,(anonymous_3)
FN:49,(anonymous_4)
FN:58,(anonymous_5)
FN:63,(anonymous_6)
FN:79,(anonymous_7)
FN:83,(anonymous_8)
FN:92,(anonymous_9)
FN:122,(anonymous_10)
FN:129,(anonymous_11)
FN:137,(anonymous_12)
FN:144,(anonymous_13)
FN:170,(anonymous_14)
FN:182,(anonymous_15)
FN:189,(anonymous_16)
FN:194,(anonymous_17)
FNF:18
FNH:0
FNDA:0,(anonymous_0)
FNDA:0,(anonymous_1)
FNDA:0,(anonymous_2)
FNDA:0,(anonymous_3)
FNDA:0,(anonymous_4)
FNDA:0,(anonymous_5)
FNDA:0,(anonymous_6)
FNDA:0,(anonymous_7)
FNDA:0,(anonymous_8)
FNDA:0,(anonymous_9)
FNDA:0,(anonymous_10)
FNDA:0,(anonymous_11)
FNDA:0,(anonymous_12)
FNDA:0,(anonymous_13)
FNDA:0,(anonymous_14)
FNDA:0,(anonymous_15)
FNDA:0,(anonymous_16)
FNDA:0,(anonymous_17)
DA:4,1
DA:6,1
DA:7,1
DA:12,1
DA:13,0
DA:19,1
DA:20,0
DA:21,0
DA:23,0
DA:30,1
DA:31,0
DA:32,0
DA:34,0
DA:41,1
DA:42,0
DA:43,0
DA:49,1
DA:50,0
DA:58,1
DA:59,0
DA:60,0
DA:64,0
DA:65,0
DA:67,0
DA:72,0
DA:79,1
DA:80,0
DA:81,0
DA:84,0
DA:85,0
DA:87,0
DA:88,0
DA:90,0
DA:91,0
DA:92,0
DA:93,0
DA:94,0
DA:100,0
DA:104,0
DA:111,0
DA:122,1
DA:124,0
DA:126,0
DA:130,0
DA:131,0
DA:134,0
DA:137,1
DA:138,0
DA:140,0
DA:141,0
DA:146,0
DA:147,0
DA:149,0
DA:150,0
DA:151,0
DA:152,0
DA:155,0
DA:156,0
DA:157,0
DA:158,0
DA:159,0
DA:164,0
DA:170,1
DA:171,0
DA:173,0
DA:182,1
DA:183,0
DA:189,1
DA:190,0
DA:195,0
DA:196,0
DA:197,0
DA:198,0
LF:73
LH:15
BRDA:20,0,0,0
BRDA:20,0,1,0
BRDA:31,1,0,0
BRDA:31,1,1,0
BRDA:59,2,0,0
BRDA:59,2,1,0
BRDA:59,3,0,0
BRDA:59,3,1,0
BRDA:64,4,0,0
BRDA:64,4,1,0
BRDA:80,5,0,0
BRDA:80,5,1,0
BRDA:80,6,0,0
BRDA:80,6,1,0
BRDA:80,6,2,0
BRDA:84,7,0,0
BRDA:84,7,1,0
BRDA:87,8,0,0
BRDA:87,8,1,0
BRDA:93,9,0,0
BRDA:93,9,1,0
BRDA:124,10,0,0
BRDA:124,10,1,0
BRDA:124,11,0,0
BRDA:124,11,1,0
BRDA:124,11,2,0
BRDA:124,11,3,0
BRDA:124,11,4,0
BRDA:138,12,0,0
BRDA:138,12,1,0
BRDA:138,13,0,0
BRDA:138,13,1,0
BRDA:138,13,2,0
BRDA:140,14,0,0
BRDA:140,14,1,0
BRDA:140,15,0,0
BRDA:140,15,1,0
BRDA:140,15,2,0
BRDA:146,16,0,0
BRDA:146,16,1,0
BRDA:151,17,0,0
BRDA:151,17,1,0
BRDA:155,18,0,0
BRDA:155,18,1,0
BRDA:183,19,0,0
BRDA:183,19,1,0
BRDA:195,20,0,0
BRDA:195,20,1,0
BRDA:196,21,0,0
BRDA:196,21,1,0
BRF:50
BRH:0
end_of_record
TN:
SF:/home/alien/Documents/oH/JS/cards-for-humanity/app/models/answer.js
FN:36,(anonymous_0)
FNF:1
FNH:0
FNDA:0,(anonymous_0)
DA:4,1
DA:6,1
DA:8,1
DA:13,1
DA:35,1
DA:37,0
DA:43,1
LF:7
LH:6
BRF:0
BRH:0
end_of_record
TN:
SF:/home/alien/Documents/oH/JS/cards-for-humanity/app/models/question.js
FN:39,(anonymous_0)
FNF:1
FNH:0
FNDA:0,(anonymous_0)
DA:4,1
DA:6,1
DA:8,1
DA:13,1
DA:38,1
DA:40,0
DA:46,1
LF:7
LH:6
BRF:0
BRH:0
end_of_record
TN:
SF:/home/alien/Documents/oH/JS/cards-for-humanity/app/models/user.js
FN:38,(anonymous_0)
FN:41,(anonymous_1)
FN:48,(anonymous_2)
FN:53,(anonymous_3)
FN:59,(anonymous_4)
FN:65,(anonymous_5)
FN:71,(anonymous_6)
FN:80,(anonymous_7)
FN:99,(anonymous_8)
FN:113,(anonymous_9)
FNF:10
FNH:8
FNDA:3,(anonymous_0)
FNDA:2,(anonymous_1)
FNDA:2,(anonymous_2)
FNDA:2,(anonymous_3)
FNDA:2,(anonymous_4)
FNDA:0,(anonymous_5)
FNDA:3,(anonymous_6)
FNDA:3,(anonymous_7)
FNDA:0,(anonymous_8)
FNDA:3,(anonymous_9)
DA:4,1
DA:6,1
DA:8,1
DA:10,1
DA:12,1
DA:17,1
DA:38,1
DA:39,3
DA:40,3
DA:42,2
DA:48,1
DA:49,2
DA:53,1
DA:55,2
DA:56,2
DA:59,1
DA:61,2
DA:62,2
DA:65,1
DA:67,0
DA:68,0
DA:71,1
DA:73,3
DA:74,3
DA:80,1
DA:81,3
DA:82,1
DA:85,2
DA:91,1
DA:100,0
DA:101,0
DA:103,0
DA:114,3
DA:115,2
DA:119,1
LF:35
LH:30
BRDA:49,0,0,2
BRDA:49,0,1,2
BRDA:55,1,0,0
BRDA:55,1,1,2
BRDA:61,2,0,0
BRDA:61,2,1,2
BRDA:67,3,0,0
BRDA:67,3,1,0
BRDA:73,4,0,0
BRDA:73,4,1,3
BRDA:81,5,0,1
BRDA:81,5,1,2
BRDA:85,6,0,0
BRDA:85,6,1,2
BRDA:85,7,0,2
BRDA:85,7,1,0
BRDA:100,8,0,0
BRDA:100,8,1,0
BRDA:100,9,0,0
BRDA:100,9,1,0
BRDA:114,10,0,1
BRDA:114,10,1,2
BRF:22
BRH:11
end_of_record
TN:
SF:/home/alien/Documents/oH/JS/cards-for-humanity/config/config.js
FNF:0
FNH:0
DA:1,1
DA:5,1
LF:2
LH:2
BRDA:7,0,0,1
BRDA:7,0,1,0
BRF:2
BRH:1
end_of_record
TN:
SF:/home/alien/Documents/oH/JS/cards-for-humanity/config/express.js
FN:7,(anonymous_0)
FN:28,(anonymous_1)
FN:42,(anonymous_2)
FNF:3
FNH:1
FNDA:1,(anonymous_0)
FNDA:0,(anonymous_1)
FNDA:0,(anonymous_2)
DA:4,1
DA:5,1
DA:7,1
DA:8,1
DA:13,1
DA:14,1
DA:17,1
DA:20,1
DA:23,1
DA:28,1
DA:30,0
DA:33,0
DA:36,0
DA:42,1
DA:43,0
LF:15
LH:11
BRDA:30,0,0,0
BRDA:30,0,1,0
BRF:2
BRH:0
end_of_record
TN:
SF:/home/alien/Documents/oH/JS/cards-for-humanity/config/passport.js
FN:17,(anonymous_0)
FN:19,(anonymous_1)
FN:23,(anonymous_2)
FN:26,(anonymous_3)
FN:39,(anonymous_4)
FN:42,(anonymous_5)
FN:69,(anonymous_6)
FN:72,(anonymous_7)
FN:83,(anonymous_8)
FN:100,(anonymous_9)
FN:103,(anonymous_10)
FN:116,(anonymous_11)
FN:135,(anonymous_12)
FN:138,(anonymous_13)
FN:150,(anonymous_14)
FN:167,(anonymous_15)
FN:170,(anonymous_16)
FN:182,(anonymous_17)
FNF:18
FNH:1
FNDA:1,(anonymous_0)
FNDA:0,(anonymous_1)
FNDA:0,(anonymous_2)
FNDA:0,(anonymous_3)
FNDA:0,(anonymous_4)
FNDA:0,(anonymous_5)
FNDA:0,(anonymous_6)
FNDA:0,(anonymous_7)
FNDA:0,(anonymous_8)
FNDA:0,(anonymous_9)
FNDA:0,(anonymous_10)
FNDA:0,(anonymous_11)
FNDA:0,(anonymous_12)
FNDA:0,(anonymous_13)
FNDA:0,(anonymous_14)
FNDA:0,(anonymous_15)
FNDA:0,(anonymous_16)
FNDA:0,(anonymous_17)
DA:1,1
DA:3,1
DA:5,1
DA:7,1
DA:9,1
DA:11,1
DA:13,1
DA:15,1
DA:17,1
DA:19,1
DA:20,0
DA:23,1
DA:24,0
DA:27,0
DA:28,0
DA:29,0
DA:30,0
DA:35,1
DA:40,0
DA:43,0
DA:44,0
DA:46,0
DA:47,0
DA:51,0
DA:52,0
DA:56,0
DA:57,0
DA:58,0
DA:64,1
DA:70,0
DA:73,0
DA:74,0
DA:76,0
DA:77,0
DA:83,0
DA:84,0
DA:85,0
DA:88,0
DA:95,1
DA:101,0
DA:104,0
DA:105,0
DA:107,0
DA:108,0
DA:109,0
DA:116,0
DA:117,0
DA:118,0
DA:119,0
DA:122,0
DA:123,0
DA:130,1
DA:136,0
DA:139,0
DA:140,0
DA:142,0
DA:143,0
DA:150,0
DA:151,0
DA:152,0
DA:155,0
DA:162,1
DA:168,0
DA:171,0
DA:172,0
DA:174,0
DA:175,0
DA:182,0
DA:183,0
DA:184,0
DA:187,0
LF:71
LH:16
BRDA:43,0,0,0
BRDA:43,0,1,0
BRDA:46,1,0,0
BRDA:46,1,1,0
BRDA:51,2,0,0
BRDA:51,2,1,0
BRDA:65,3,0,1
BRDA:65,3,1,1
BRDA:66,4,0,1
BRDA:66,4,1,1
BRDA:73,5,0,0
BRDA:73,5,1,0
BRDA:76,6,0,0
BRDA:76,6,1,0
BRDA:84,7,0,0
BRDA:84,7,1,0
BRDA:96,8,0,1
BRDA:96,8,1,1
BRDA:97,9,0,1
BRDA:97,9,1,1
BRDA:104,10,0,0
BRDA:104,10,1,0
BRDA:107,11,0,0
BRDA:107,11,1,0
BRDA:111,12,0,0
BRDA:111,12,1,0
BRDA:111,12,2,0
BRDA:117,13,0,0
BRDA:117,13,1,0
BRDA:131,14,0,1
BRDA:131,14,1,1
BRDA:132,15,0,1
BRDA:132,15,1,1
BRDA:139,16,0,0
BRDA:139,16,1,0
BRDA:142,17,0,0
BRDA:142,17,1,0
BRDA:151,18,0,0
BRDA:151,18,1,0
BRDA:163,19,0,1
BRDA:163,19,1,1
BRDA:164,20,0,1
BRDA:164,20,1,1
BRDA:171,21,0,0
BRDA:171,21,1,0
BRDA:174,22,0,0
BRDA:174,22,1,0
BRDA:183,23,0,0
BRDA:183,23,1,0
BRF:49
BRH:16
end_of_record
TN:
SF:/home/alien/Documents/oH/JS/cards-for-humanity/config/routes.js
FN:3,(anonymous_0)
FNF:1
FNH:1
FNDA:1,(anonymous_0)
DA:1,1
DA:3,1
DA:5,1
DA:6,1
DA:7,1
DA:8,1
DA:9,1
DA:12,1
DA:13,1
DA:16,1
DA:18,1
DA:23,1
DA:24,1
DA:27,1
DA:32,1
DA:37,1
DA:41,1
DA:46,1
DA:50,1
DA:55,1
DA:63,1
DA:68,1
DA:71,1
DA:72,1
DA:73,1
DA:75,1
DA:78,1
DA:79,1
DA:80,1
DA:82,1
DA:85,1
DA:86,1
DA:89,1
DA:90,1
DA:91,1
LF:35
LH:35
BRF:0
BRH:0
end_of_record
TN:
SF:/home/alien/Documents/oH/JS/cards-for-humanity/config/testDb.js
FN:3,spinDb
FNF:1
FNH:1
FNDA:1,spinDb
DA:1,1
DA:2,1
DA:4,1
DA:5,1
DA:6,1
DA:7,1
DA:8,1
DA:15,1
LF:8
LH:8
BRF:0
BRH:0
end_of_record
TN:
SF:/home/alien/Documents/oH/JS/cards-for-humanity/config/env/all.js
FNF:0
FNH:0
DA:1,1
DA:3,1
DA:4,1
DA:7,1
LF:4
LH:4
BRDA:9,0,0,1
BRDA:9,0,1,1
BRF:2
BRH:2
end_of_record
TN:
SF:/home/alien/Documents/oH/JS/cards-for-humanity/config/middlewares/authorization.js
FN:4,(anonymous_0)
FN:15,(anonymous_1)
FNF:2
FNH:0
FNDA:0,(anonymous_0)
FNDA:0,(anonymous_1)
DA:4,1
DA:5,0
DA:6,0
DA:8,0
DA:14,1
DA:16,0
DA:17,0
DA:19,0
LF:8
LH:2
BRDA:5,0,0,0
BRDA:5,0,1,0
BRDA:16,1,0,0
BRDA:16,1,1,0
BRF:4
BRH:0
end_of_record
TN:
SF:/home/alien/Documents/oH/JS/cards-for-humanity/config/socket/game.js
FN:20,Game
FN:54,(anonymous_1)
FN:56,(anonymous_2)
FN:83,(anonymous_3)
FN:89,(anonymous_4)
FN:90,(anonymous_5)
FN:95,(anonymous_6)
FN:97,(anonymous_7)
FN:108,(anonymous_8)
FN:124,(anonymous_9)
FN:135,(anonymous_10)
FN:142,(anonymous_11)
FN:146,(anonymous_12)
FN:155,(anonymous_13)
FN:169,(anonymous_14)
FN:174,(anonymous_15)
FN:188,(anonymous_16)
FN:197,(anonymous_17)
FN:204,(anonymous_18)
FN:215,(anonymous_19)
FN:224,(anonymous_20)
FN:230,(anonymous_21)
FN:235,(anonymous_22)
FN:236,(anonymous_23)
FN:241,(anonymous_24)
FN:242,(anonymous_25)
FN:247,(anonymous_26)
FN:262,(anonymous_27)
FN:264,(anonymous_28)
FN:277,(anonymous_29)
FN:279,(anonymous_30)
FN:287,(anonymous_31)
FN:296,(anonymous_32)
FN:337,(anonymous_33)
FN:346,(anonymous_34)
FN:392,(anonymous_35)
FN:397,(anonymous_36)
FN:420,(anonymous_37)
FNF:38
FNH:0
FNDA:0,Game
FNDA:0,(anonymous_1)
FNDA:0,(anonymous_2)
FNDA:0,(anonymous_3)
FNDA:0,(anonymous_4)
FNDA:0,(anonymous_5)
FNDA:0,(anonymous_6)
FNDA:0,(anonymous_7)
FNDA:0,(anonymous_8)
FNDA:0,(anonymous_9)
FNDA:0,(anonymous_10)
FNDA:0,(anonymous_11)
FNDA:0,(anonymous_12)
FNDA:0,(anonymous_13)
FNDA:0,(anonymous_14)
FNDA:0,(anonymous_15)
FNDA:0,(anonymous_16)
FNDA:0,(anonymous_17)
FNDA:0,(anonymous_18)
FNDA:0,(anonymous_19)
FNDA:0,(anonymous_20)
FNDA:0,(anonymous_21)
FNDA:0,(anonymous_22)
FNDA:0,(anonymous_23)
FNDA:0,(anonymous_24)
FNDA:0,(anonymous_25)
FNDA:0,(anonymous_26)
FNDA:0,(anonymous_27)
FNDA:0,(anonymous_28)
FNDA:0,(anonymous_29)
FNDA:0,(anonymous_30)
FNDA:0,(anonymous_31)
FNDA:0,(anonymous_32)
FNDA:0,(anonymous_33)
FNDA:0,(anonymous_34)
FNDA:0,(anonymous_35)
FNDA:0,(anonymous_36)
FNDA:0,(anonymous_37)
DA:1,1
DA:2,1
DA:3,1
DA:4,1
DA:5,1
DA:21,0
DA:22,0
DA:23,0
DA:24,0
DA:25,0
DA:26,0
DA:27,0
DA:28,0
DA:29,0
DA:30,0
DA:31,0
DA:32,0
DA:33,0
DA:34,0
DA:35,0
DA:36,0
DA:37,0
DA:45,0
DA:49,0
DA:50,0
DA:51,0
DA:54,1
DA:55,0
DA:56,0
DA:57,0
DA:67,0
DA:83,1
DA:84,0
DA:89,1
DA:90,0
DA:91,0
DA:95,1
DA:96,0
DA:97,0
DA:98,0
DA:99,0
DA:100,0
DA:101,0
DA:102,0
DA:108,1
DA:109,0
DA:111,0
DA:119,0
DA:120,0
DA:125,0
DA:126,0
DA:128,0
DA:129,0
DA:131,0
DA:135,1
DA:136,0
DA:137,0
DA:138,0
DA:139,0
DA:142,1
DA:143,0
DA:146,1
DA:147,0
DA:149,0
DA:150,0
DA:151,0
DA:152,0
DA:153,0
DA:154,0
DA:155,0
DA:156,0
DA:159,0
DA:160,0
DA:162,0
DA:163,0
DA:165,0
DA:167,0
DA:169,0
DA:170,0
DA:174,1
DA:175,0
DA:176,0
DA:177,0
DA:178,0
DA:179,0
DA:180,0
DA:181,0
DA:184,0
DA:188,1
DA:189,0
DA:192,0
DA:194,0
DA:196,0
DA:197,0
DA:199,0
DA:204,1
DA:205,0
DA:206,0
DA:208,0
DA:209,0
DA:210,0
DA:211,0
DA:214,0
DA:215,0
DA:216,0
DA:217,0
DA:219,0
DA:224,1
DA:225,0
DA:226,0
DA:227,0
DA:230,1
DA:231,0
DA:232,0
DA:235,1
DA:236,0
DA:237,0
DA:241,1
DA:242,0
DA:243,0
DA:247,1
DA:248,0
DA:252,0
DA:253,0
DA:254,0
DA:255,0
DA:256,0
DA:259,0
DA:262,1
DA:263,0
DA:264,0
DA:265,0
DA:267,0
DA:268,0
DA:269,0
DA:270,0
DA:271,0
DA:277,1
DA:278,0
DA:279,0
DA:280,0
DA:281,0
DA:284,0
DA:287,1
DA:289,0
DA:291,0
DA:292,0
DA:293,0
DA:295,0
DA:296,0
DA:297,0
DA:298,0
DA:301,0
DA:303,0
DA:304,0
DA:305,0
DA:306,0
DA:307,0
DA:308,0
DA:311,0
DA:312,0
DA:313,0
DA:315,0
DA:317,0
DA:318,0
DA:323,0
DA:324,0
DA:325,0
DA:326,0
DA:328,0
DA:333,0
DA:337,1
DA:338,0
DA:339,0
DA:340,0
DA:342,0
DA:346,1
DA:347,0
DA:349,0
DA:351,0
DA:354,0
DA:355,0
DA:356,0
DA:361,0
DA:363,0
DA:364,0
DA:368,0
DA:371,0
DA:372,0
DA:373,0
DA:374,0
DA:375,0
DA:377,0
DA:378,0
DA:382,0
DA:383,0
DA:385,0
DA:388,0
DA:392,1
DA:393,0
DA:394,0
DA:395,0
DA:396,0
DA:397,0
DA:398,0
DA:399,0
DA:402,0
DA:403,0
DA:404,0
DA:405,0
DA:406,0
DA:407,0
DA:408,0
DA:409,0
DA:410,0
DA:412,0
DA:416,0
DA:420,1
DA:421,0
DA:422,0
DA:423,0
DA:424,0
DA:427,1
LF:223
LH:29
BRDA:98,0,0,0
BRDA:98,0,1,0
BRDA:101,1,0,0
BRDA:101,1,1,0
BRDA:125,2,0,0
BRDA:125,2,1,0
BRDA:154,3,0,0
BRDA:154,3,1,0
BRDA:162,4,0,0
BRDA:162,4,1,0
BRDA:175,5,0,0
BRDA:175,5,1,0
BRDA:192,6,0,0
BRDA:192,6,1,0
BRDA:210,7,0,0
BRDA:210,7,1,0
BRDA:216,8,0,0
BRDA:216,8,1,0
BRDA:263,9,0,0
BRDA:263,9,1,0
BRDA:270,10,0,0
BRDA:270,10,1,0
BRDA:280,11,0,0
BRDA:280,11,1,0
BRDA:289,12,0,0
BRDA:289,12,1,0
BRDA:293,13,0,0
BRDA:293,13,1,0
BRDA:297,14,0,0
BRDA:297,14,1,0
BRDA:301,15,0,0
BRDA:301,15,1,0
BRDA:307,16,0,0
BRDA:307,16,1,0
BRDA:312,17,0,0
BRDA:312,17,1,0
BRDA:317,18,0,0
BRDA:317,18,1,0
BRDA:324,19,0,0
BRDA:324,19,1,0
BRDA:339,20,0,0
BRDA:339,20,1,0
BRDA:349,21,0,0
BRDA:349,21,1,0
BRDA:355,22,0,0
BRDA:355,22,1,0
BRDA:363,23,0,0
BRDA:363,23,1,0
BRDA:368,24,0,0
BRDA:368,24,1,0
BRDA:371,25,0,0
BRDA:371,25,1,0
BRDA:375,26,0,0
BRDA:375,26,1,0
BRDA:382,27,0,0
BRDA:382,27,1,0
BRDA:393,28,0,0
BRDA:393,28,1,0
BRDA:395,29,0,0
BRDA:395,29,1,0
BRDA:395,30,0,0
BRDA:395,30,1,0
BRDA:395,30,2,0
BRDA:398,31,0,0
BRDA:398,31,1,0
BRDA:402,32,0,0
BRDA:402,32,1,0
BRF:67
BRH:0
end_of_record
TN:
SF:/home/alien/Documents/oH/JS/cards-for-humanity/config/socket/player.js
FN:1,Player
FNF:1
FNH:0
FNDA:0,Player
DA:2,0
DA:3,0
DA:4,0
DA:5,0
DA:6,0
DA:7,0
DA:8,0
DA:9,0
DA:12,1
LF:9
LH:1
BRF:0
BRH:0
end_of_record
TN:
SF:/home/alien/Documents/oH/JS/cards-for-humanity/config/socket/socket.js
FN:11,(anonymous_0)
FN:18,(anonymous_1)
FN:22,(anonymous_2)
FN:31,(anonymous_3)
FN:39,(anonymous_4)
FN:45,(anonymous_5)
FN:50,(anonymous_6)
FN:56,(anonymous_7)
FN:67,(anonymous_8)
FN:71,(anonymous_9)
FN:77,(anonymous_10)
FN:84,(anonymous_11)
FN:108,(anonymous_12)
FN:150,(anonymous_13)
FN:184,(anonymous_14)
FN:209,(anonymous_15)
FNF:16
FNH:1
FNDA:1,(anonymous_0)
FNDA:0,(anonymous_1)
FNDA:0,(anonymous_2)
FNDA:0,(anonymous_3)
FNDA:0,(anonymous_4)
FNDA:0,(anonymous_5)
FNDA:0,(anonymous_6)
FNDA:0,(anonymous_7)
FNDA:0,(anonymous_8)
FNDA:0,(anonymous_9)
FNDA:0,(anonymous_10)
FNDA:0,(anonymous_11)
FNDA:0,(anonymous_12)
FNDA:0,(anonymous_13)
FNDA:0,(anonymous_14)
FNDA:0,(anonymous_15)
DA:1,1
DA:2,1
DA:3,1
DA:4,1
DA:5,1
DA:7,1
DA:9,1
DA:11,1
DA:13,1
DA:14,1
DA:15,1
DA:16,1
DA:18,1
DA:19,0
DA:20,0
DA:22,0
DA:23,0
DA:24,0
DA:25,0
DA:27,0
DA:31,0
DA:32,0
DA:33,0
DA:35,0
DA:39,0
DA:40,0
DA:41,0
DA:45,0
DA:46,0
DA:47,0
DA:50,0
DA:51,0
DA:52,0
DA:53,0
DA:54,0
DA:56,0
DA:57,0
DA:58,0
DA:61,0
DA:62,0
DA:67,0
DA:68,0
DA:71,0
DA:72,0
DA:73,0
DA:77,1
DA:78,0
DA:79,0
DA:80,0
DA:81,0
DA:82,0
DA:85,0
DA:86,0
DA:87,0
DA:89,0
DA:91,0
DA:92,0
DA:94,0
DA:95,0
DA:96,0
DA:98,0
DA:102,0
DA:103,0
DA:104,0
DA:108,1
DA:109,0
DA:110,0
DA:111,0
DA:112,0
DA:113,0
DA:114,0
DA:120,0
DA:123,0
DA:124,0
DA:125,0
DA:126,0
DA:127,0
DA:128,0
DA:129,0
DA:130,0
DA:131,0
DA:132,0
DA:133,0
DA:134,0
DA:141,0
DA:142,0
DA:143,0
DA:145,0
DA:150,1
DA:152,0
DA:153,0
DA:154,0
DA:155,0
DA:156,0
DA:157,0
DA:158,0
DA:159,0
DA:160,0
DA:161,0
DA:162,0
DA:163,0
DA:164,0
DA:165,0
DA:167,0
DA:168,0
DA:169,0
DA:170,0
DA:171,0
DA:172,0
DA:173,0
DA:174,0
DA:175,0
DA:176,0
DA:177,0
DA:178,0
DA:179,0
DA:184,1
DA:185,0
DA:186,0
DA:188,0
DA:189,0
DA:190,0
DA:191,0
DA:193,0
DA:194,0
DA:197,0
DA:198,0
DA:199,0
DA:200,0
DA:201,0
DA:202,0
DA:203,0
DA:204,0
DA:205,0
DA:206,0
DA:209,1
DA:210,0
DA:211,0
DA:212,0
DA:213,0
DA:214,0
DA:215,0
DA:217,0
DA:219,0
DA:220,0
DA:221,0
DA:223,0
DA:224,0
DA:227,0
LF:149
LH:18
BRDA:24,0,0,0
BRDA:24,0,1,0
BRDA:32,1,0,0
BRDA:32,1,1,0
BRDA:40,2,0,0
BRDA:40,2,1,0
BRDA:51,3,0,0
BRDA:51,3,1,0
BRDA:54,4,0,0
BRDA:54,4,1,0
BRDA:57,5,0,0
BRDA:57,5,1,0
BRDA:79,6,0,0
BRDA:79,6,1,0
BRDA:80,7,0,0
BRDA:80,7,1,0
BRDA:81,8,0,0
BRDA:81,8,1,0
BRDA:85,9,0,0
BRDA:85,9,1,0
BRDA:89,10,0,0
BRDA:89,10,1,0
BRDA:95,11,0,0
BRDA:95,11,1,0
BRDA:96,12,0,0
BRDA:96,12,1,0
BRDA:109,13,0,0
BRDA:109,13,1,0
BRDA:110,14,0,0
BRDA:110,14,1,0
BRDA:112,15,0,0
BRDA:112,15,1,0
BRDA:112,16,0,0
BRDA:112,16,1,0
BRDA:120,17,0,0
BRDA:120,17,1,0
BRDA:120,18,0,0
BRDA:120,18,1,0
BRDA:120,18,2,0
BRDA:132,19,0,0
BRDA:132,19,1,0
BRDA:142,20,0,0
BRDA:142,20,1,0
BRDA:152,21,0,0
BRDA:152,21,1,0
BRDA:177,22,0,0
BRDA:177,22,1,0
BRDA:193,23,0,0
BRDA:193,23,1,0
BRDA:193,24,0,0
BRDA:193,24,1,0
BRDA:211,25,0,0
BRDA:211,25,1,0
BRDA:215,26,0,0
BRDA:215,26,1,0
BRDA:215,27,0,0
BRDA:215,27,1,0
BRF:57
BRH:0
end_of_record
TN:
SF:/home/alien/Documents/oH/JS/cards-for-humanity/test/article/model.js
FN:19,(anonymous_0)
FN:20,(anonymous_1)
FN:21,(anonymous_2)
FN:29,(anonymous_3)
FN:40,(anonymous_4)
FN:41,(anonymous_5)
FN:42,(anonymous_6)
FN:48,(anonymous_7)
FN:51,(anonymous_8)
FN:58,(anonymous_9)
FNF:10
FNH:0
FNDA:0,(anonymous_0)
FNDA:0,(anonymous_1)
FNDA:0,(anonymous_2)
FNDA:0,(anonymous_3)
FNDA:0,(anonymous_4)
FNDA:0,(anonymous_5)
FNDA:0,(anonymous_6)
FNDA:0,(anonymous_7)
FNDA:0,(anonymous_8)
FNDA:0,(anonymous_9)
DA:4,0
DA:6,0
DA:8,0
DA:10,0
DA:12,0
DA:19,0
DA:20,0
DA:21,0
DA:22,0
DA:29,0
DA:30,0
DA:36,0
DA:40,0
DA:41,0
DA:42,0
DA:43,0
DA:44,0
DA:48,0
DA:49,0
DA:51,0
DA:52,0
DA:53,0
DA:58,0
DA:59,0
LF:24
LH:0
BRF:0
BRH:0
end_of_record
TN:
SF:/home/alien/Documents/oH/JS/cards-for-humanity/test/game/game.js
FN:15,(anonymous_0)
FN:16,(anonymous_1)
FN:18,(anonymous_2)
FN:22,(anonymous_3)
FN:28,(anonymous_4)
FN:30,(anonymous_5)
FN:34,(anonymous_6)
FN:36,(anonymous_7)
FN:43,(anonymous_8)
FN:46,(anonymous_9)
FN:51,(anonymous_10)
FN:54,(anonymous_11)
FN:56,(anonymous_12)
FN:64,(anonymous_13)
FN:67,(anonymous_14)
FN:73,(anonymous_15)
FN:75,(anonymous_16)
FN:78,(anonymous_17)
FN:81,(anonymous_18)
FN:86,(anonymous_19)
FN:89,(anonymous_20)
FN:92,(anonymous_21)
FN:100,(anonymous_22)
FN:103,(anonymous_23)
FN:112,(anonymous_24)
FN:114,(anonymous_25)
FN:117,(anonymous_26)
FN:120,(anonymous_27)
FN:123,(anonymous_28)
FN:126,(anonymous_29)
FN:129,(anonymous_30)
FN:134,(anonymous_31)
FN:137,(anonymous_32)
FN:142,(anonymous_33)
FN:145,(anonymous_34)
FN:148,(anonymous_35)
FN:151,(anonymous_36)
FN:154,(anonymous_37)
FNF:38
FNH:0
FNDA:0,(anonymous_0)
FNDA:0,(anonymous_1)
FNDA:0,(anonymous_2)
FNDA:0,(anonymous_3)
FNDA:0,(anonymous_4)
FNDA:0,(anonymous_5)
FNDA:0,(anonymous_6)
FNDA:0,(anonymous_7)
FNDA:0,(anonymous_8)
FNDA:0,(anonymous_9)
FNDA:0,(anonymous_10)
FNDA:0,(anonymous_11)
FNDA:0,(anonymous_12)
FNDA:0,(anonymous_13)
FNDA:0,(anonymous_14)
FNDA:0,(anonymous_15)
FNDA:0,(anonymous_16)
FNDA:0,(anonymous_17)
FNDA:0,(anonymous_18)
FNDA:0,(anonymous_19)
FNDA:0,(anonymous_20)
FNDA:0,(anonymous_21)
FNDA:0,(anonymous_22)
FNDA:0,(anonymous_23)
FNDA:0,(anonymous_24)
FNDA:0,(anonymous_25)
FNDA:0,(anonymous_26)
FNDA:0,(anonymous_27)
FNDA:0,(anonymous_28)
FNDA:0,(anonymous_29)
FNDA:0,(anonymous_30)
FNDA:0,(anonymous_31)
FNDA:0,(anonymous_32)
FNDA:0,(anonymous_33)
FNDA:0,(anonymous_34)
FNDA:0,(anonymous_35)
FNDA:0,(anonymous_36)
FNDA:0,(anonymous_37)
DA:1,0
DA:2,0
DA:4,0
DA:6,0
DA:11,0
DA:12,0
DA:13,0
DA:15,0
DA:16,0
DA:17,0
DA:18,0
DA:19,0
DA:20,0
DA:22,0
DA:23,0
DA:24,0
DA:28,0
DA:29,0
DA:30,0
DA:31,0
DA:32,0
DA:34,0
DA:35,0
DA:36,0
DA:37,0
DA:39,0
DA:43,0
DA:44,0
DA:46,0
DA:47,0
DA:48,0
DA:49,0
DA:51,0
DA:52,0
DA:53,0
DA:54,0
DA:55,0
DA:56,0
DA:57,0
DA:60,0
DA:64,0
DA:66,0
DA:67,0
DA:68,0
DA:69,0
DA:70,0
DA:71,0
DA:73,0
DA:74,0
DA:75,0
DA:76,0
DA:78,0
DA:79,0
DA:81,0
DA:82,0
DA:84,0
DA:86,0
DA:87,0
DA:88,0
DA:89,0
DA:90,0
DA:91,0
DA:92,0
DA:93,0
DA:94,0
DA:100,0
DA:102,0
DA:103,0
DA:104,0
DA:105,0
DA:106,0
DA:107,0
DA:108,0
DA:109,0
DA:110,0
DA:112,0
DA:113,0
DA:114,0
DA:115,0
DA:117,0
DA:118,0
DA:120,0
DA:121,0
DA:123,0
DA:124,0
DA:126,0
DA:127,0
DA:129,0
DA:130,0
DA:132,0
DA:134,0
DA:135,0
DA:136,0
DA:137,0
DA:138,0
DA:139,0
DA:140,0
DA:141,0
DA:142,0
DA:143,0
DA:144,0
DA:145,0
DA:146,0
DA:147,0
DA:148,0
DA:149,0
DA:150,0
DA:151,0
DA:152,0
DA:153,0
DA:154,0
DA:155,0
DA:156,0
LF:113
LH:0
BRDA:139,0,0,0
BRDA:139,0,1,0
BRF:2
BRH:0
end_of_record
TN:
SF:/home/alien/Documents/oH/JS/cards-for-humanity/test/user/model.js
FN:16,(anonymous_0)
FN:17,(anonymous_1)
FN:18,(anonymous_2)
FN:28,(anonymous_3)
FN:29,(anonymous_4)
FN:30,(anonymous_5)
FN:38,(anonymous_6)
FN:39,(anonymous_7)
FN:45,(anonymous_8)
FN:47,(anonymous_9)
FN:53,(anonymous_10)
FN:54,(anonymous_11)
FN:55,(anonymous_12)
FN:62,(anonymous_13)
FN:63,(anonymous_14)
FN:69,(anonymous_15)
FN:76,(anonymous_16)
FN:77,(anonymous_17)
FN:82,(anonymous_18)
FN:83,(anonymous_19)
FN:90,(anonymous_20)
FN:91,(anonymous_21)
FN:92,(anonymous_22)
FN:98,(anonymous_23)
FNF:24
FNH:24
FNDA:1,(anonymous_0)
FNDA:1,(anonymous_1)
FNDA:1,(anonymous_2)
FNDA:1,(anonymous_3)
FNDA:1,(anonymous_4)
FNDA:1,(anonymous_5)
FNDA:1,(anonymous_6)
FNDA:1,(anonymous_7)
FNDA:1,(anonymous_8)
FNDA:1,(anonymous_9)
FNDA:1,(anonymous_10)
FNDA:1,(anonymous_11)
FNDA:1,(anonymous_12)
FNDA:1,(anonymous_13)
FNDA:1,(anonymous_14)
FNDA:1,(anonymous_15)
FNDA:1,(anonymous_16)
FNDA:1,(anonymous_17)
FNDA:1,(anonymous_18)
FNDA:1,(anonymous_19)
FNDA:1,(anonymous_20)
FNDA:1,(anonymous_21)
FNDA:1,(anonymous_22)
FNDA:1,(anonymous_23)
DA:4,1
DA:6,1
DA:8,1
DA:10,1
DA:16,1
DA:17,1
DA:18,1
DA:19,1
DA:25,1
DA:28,1
DA:29,1
DA:30,1
DA:31,1
DA:32,1
DA:33,1
DA:34,1
DA:38,1
DA:39,1
DA:40,1
DA:41,1
DA:42,1
DA:45,1
DA:46,1
DA:47,1
DA:48,1
DA:49,1
DA:53,1
DA:54,1
DA:55,1
DA:56,1
DA:57,1
DA:62,1
DA:63,1
DA:64,1
DA:69,1
DA:70,1
DA:71,0
DA:74,1
DA:76,1
DA:77,1
DA:78,1
DA:79,1
DA:82,1
DA:83,1
DA:84,1
DA:85,1
DA:90,1
DA:91,1
DA:92,1
DA:93,1
DA:94,1
DA:98,1
DA:99,1
LF:53
LH:52
BRDA:70,0,0,0
BRDA:70,0,1,1
BRF:2
BRH:1
end_of_record
